2018-07-08 13:32:22|   0.0|  0.0|INFORM|FME 2018.0.0.1 (20180328 - Build 18295 - linux-x64)
2018-07-08 13:32:22|   0.0|  0.0|INFORM|FME_HOME is '/opt/fme-desktop-2018/'
2018-07-08 13:32:22|   0.0|  0.0|INFORM|FME Database Edition (node locked-crc)
2018-07-08 13:32:22|   0.0|  0.0|INFORM|Serial Number: FGKX-7R6C-17XF
2018-07-08 13:32:22|   0.0|  0.0|INFORM|Temporary License: 146 days left.
2018-07-08 13:32:22|   0.0|  0.0|INFORM|Machine host name is: justin-Z97-D3H
2018-07-08 13:32:22|   0.0|  0.0|INFORM|START - ProcessID: 25050, peak process memory usage: 14902 kB, current process memory usage: 14901 kB
2018-07-08 13:32:22|   0.0|  0.0|INFORM|FME Configuration: Command line arguments are `/opt/fme-desktop-2018//bin/fme' `/home/justin/Documents/waterFlow/fmeWorkspaces/gaugeReader.fmw' `--watershed' `21'
2018-07-08 13:32:22|   0.0|  0.0|INFORM|FME Configuration: Connection Storage: '/home/justin//.Safe Software/FME/'
2018-07-08 13:32:22|   0.1|  0.0|INFORM|Shared folders for formats are : /opt/fme-desktop-2018/datasources;/home/justin/.fme/Formats
2018-07-08 13:32:22|   0.1|  0.0|INFORM|Shared folders for transformers are : /home/justin/.Safe Software/FME/Packages/18295-linux-x64/transformers;/opt/fme-desktop-2018/transformers;/home/justin/.fme/Transformers;/home/justin/.Safe Software/FME/FME Store/Transformers
2018-07-08 13:32:22|   0.1|  0.0|INFORM|Shared folders for coordinate systems are : /home/justin/.fme/CoordinateSystems
2018-07-08 13:32:22|   0.1|  0.0|INFORM|Shared folders for coordinate system exceptions are : /home/justin/.fme/CoordinateSystemExceptions
2018-07-08 13:32:22|   0.1|  0.0|INFORM|Shared folders for coordinate system grid overrides are : /home/justin/.fme/CoordinateSystemGridOverrides
2018-07-08 13:32:22|   0.1|  0.0|INFORM|Shared folders for CS-MAP transformation exceptions are : /home/justin/.fme/CsmapTransformationExceptions
2018-07-08 13:32:22|   0.1|  0.0|INFORM|Shared folders for transformer categories are : /home/justin/.fme/TransformerCategories
2018-07-08 13:32:22|   0.1|  0.0|INFORM|FME Configuration: Reader Keyword is `MULTI_READER'
2018-07-08 13:32:22|   0.1|  0.0|INFORM|FME Configuration: Writer Keyword is `MULTI_WRITER'
2018-07-08 13:32:22|   0.1|  0.0|INFORM|FME Configuration: Writer Group Definition Keyword is `MULTI_WRITER_DEF'
2018-07-08 13:32:22|   0.1|  0.0|INFORM|FME Configuration: Reader type is `MULTI_READER'
2018-07-08 13:32:22|   0.1|  0.0|INFORM|FME Configuration: Writer type is `MULTI_WRITER'
2018-07-08 13:32:22|   0.1|  0.0|INFORM|FME Configuration: No destination coordinate system set
2018-07-08 13:32:22|   0.1|  0.0|INFORM|FME Configuration: Current working folder is `/home/justin/Documents/waterFlow/fmeWorkspaces'
2018-07-08 13:32:22|   0.1|  0.0|INFORM|FME Configuration: Temporary folder is in the system location `/tmp'
2018-07-08 13:32:22|   0.1|  0.0|INFORM|FME Configuration: FME_HOME is `/opt/fme-desktop-2018/'
2018-07-08 13:32:22|   0.1|  0.0|INFORM|FME Configuration: FME_BASE is 'no'
2018-07-08 13:32:22|   0.1|  0.0|INFORM|FME Configuration: FME_MF_DIR is '/home/justin/Documents/waterFlow/fmeWorkspaces/'
2018-07-08 13:32:22|   0.1|  0.0|INFORM|FME Configuration: FME_MF_NAME is 'gaugeReader.fmw'
2018-07-08 13:32:22|   0.1|  0.0|INFORM|FME Configuration: FME_PRODUCT_NAME is 'FME(R) 2018.0.0.1'
2018-07-08 13:32:22|   0.1|  0.0|INFORM|System Status: 145.75 GB of disk space available in the FME temporary folder (/tmp)
2018-07-08 13:32:22|   0.1|  0.0|INFORM|System Status: 13.20 GB of virtual memory available
2018-07-08 13:32:22|   0.1|  0.0|INFORM|Operating System: Ubuntu 16.04.4 LTS (Xenial Xerus)
2018-07-08 13:32:22|   0.1|  0.0|INFORM|FME Platform: linux-x64
2018-07-08 13:32:22|   0.1|  0.0|INFORM|The memory allocator being used by FME is : `/usr/lib/libtcmalloc_minimal.so.4'
2018-07-08 13:32:22|   0.1|  0.0|INFORM|Locale: en_US.UTF-8
2018-07-08 13:32:22|   0.1|  0.0|INFORM|FME Configuration: Process limit is 7.66 GB of physical memory
2018-07-08 13:32:22|   0.1|  0.0|INFORM|FME Configuration: Start freeing memory when process usage exceeds 12.02 GB of virtual memory
2018-07-08 13:32:22|   0.1|  0.0|INFORM|FME Configuration: Stop freeing memory when process usage is below 9.02 GB of virtual memory
2018-07-08 13:32:22|   0.1|  0.0|INFORM|Creating writer for format: 
2018-07-08 13:32:22|   0.1|  0.0|INFORM|Creating reader for format: 
2018-07-08 13:32:22|   0.1|  0.0|INFORM|MULTI_READER(MULTI_READER): Will fail with first member reader failure
2018-07-08 13:32:22|   0.1|  0.0|INFORM|MULTI_READER(MULTI_READER): Adding GML Reader with keyword GML_1
2018-07-08 13:32:22|   0.1|  0.0|INFORM|Using Multi Reader with keyword `MULTI_READER' to read multiple datasets
2018-07-08 13:32:22|   0.2|  0.1|INFORM|Potentially retrieving dataset 'https://waterservices.usgs.gov/nwis/iv/?format=waterml,2.0&parameterCd=00060&siteType=ST&period=PT1H&siteStatus=all&huc=21' for reader GML_1
2018-07-08 13:32:24|   0.2|  0.0|INFORM|Dataset 'https://waterservices.usgs.gov/nwis/iv/?format=waterml,2.0&parameterCd=00060&siteType=ST&period=PT1H&siteStatus=all&huc=21' was not downloaded to a local file, and will be passed as an URL to reader GML_1 for processing
2018-07-08 13:32:24|   0.2|  0.0|INFORM|Creating reader for format: GML (Geography Markup Language)
2018-07-08 13:32:24|   0.2|  0.0|INFORM|Trying to find a DYNAMIC plugin for reader named `GML'
2018-07-08 13:32:24|   0.2|  0.0|INFORM|LD_LIBRARY_PATH is '/opt/fme-desktop-2018:/opt/fme-desktop-2018//fmecore:/opt/fme-desktop-2018//fmecore:/opt/fme-desktop-2018/fmecore'
2018-07-08 13:32:24|   0.3|  0.1|INFORM|Loaded module 'GML' from file '/opt/fme-desktop-2018/plugins/gml.so'
2018-07-08 13:32:24|   0.3|  0.0|INFORM|FME API version of module 'GML' matches current internal version (3.8 20180209)
2018-07-08 13:32:24|   0.3|  0.0|INFORM|<GML_1 Reader> - Opening the GML_1 Reader reader with source dataset 'https://waterservices.usgs.gov/nwis/iv/?format=waterml,2.0&parameterCd=00060&siteType=ST&period=PT1H&siteStatus=all&huc=21'
2018-07-08 13:32:24|   0.3|  0.0|INFORM|The uri-map document '/opt/fme-desktop-2018/xml/urimap/gml_citygml.xml' is being used to map from URI to URI
2018-07-08 13:32:24|   0.3|  0.0|INFORM|The uri-map document '/opt/fme-desktop-2018/xml/urimap/gml_inspire.xml' is being used to map from URI to URI
2018-07-08 13:32:24|   0.3|  0.0|INFORM|The uri-map document '/opt/fme-desktop-2018/xml/urimap/gml_aixm.xml' is being used to map from URI to URI
2018-07-08 13:32:24|   0.3|  0.0|INFORM|The uri-map document '/opt/fme-desktop-2018/xml/urimap/gml_sosi.xml' is being used to map from URI to URI
2018-07-08 13:32:24|   0.3|  0.0|INFORM|The uri-map document '/opt/fme-desktop-2018/xml/urimap/gml_urimap.xml' is being used to map from URI to URI
2018-07-08 13:32:24|   0.3|  0.0|INFORM|Using MultiWriter with keyword `MULTI_WRITER' to output data (ID_ATTRIBUTE is `multi_writer_id')
2018-07-08 13:32:24|   0.3|  0.0|INFORM|Writer output will be ordered by value of multi_writer_id
2018-07-08 13:32:24|   0.3|  0.0|INFORM|Loaded module 'FeatureJoinerFactory' from file '/opt/fme-desktop-2018/plugins/featurejoinerfactory.so'
2018-07-08 13:32:24|   0.3|  0.0|INFORM|FME API version of module 'FeatureJoinerFactory' matches current internal version (3.8 20180209)
2018-07-08 13:32:24|   0.3|  0.0|INFORM|Sending HTTP 'GET' request to 'https://waterservices.usgs.gov/nwis/iv/?format=waterml,2.0&parameterCd=00060&siteType=ST&period=PT1H&siteStatus=all&huc=21', waiting for response ...
2018-07-08 13:32:26|   0.3|  0.0|INFORM|Received HTTP response header: 'HTTP/1.1 200 OK'
2018-07-08 13:32:26|   0.3|  0.0|INFORM|Received HTTP response header: 'Date: Sun, 08 Jul 2018 19:32:26 GMT'
2018-07-08 13:32:26|   0.3|  0.0|INFORM|Received HTTP response header: 'Server: GlassFish Server Open Source Edition  4.1'
2018-07-08 13:32:26|   0.3|  0.0|INFORM|Received HTTP response header: 'Strict-Transport-Security: max-age=31536000'
2018-07-08 13:32:26|   0.3|  0.0|INFORM|Received HTTP response header: 'Vary: Accept-Encoding'
2018-07-08 13:32:26|   0.3|  0.0|INFORM|Received HTTP response header: 'Content-Encoding: gzip'
2018-07-08 13:32:26|   0.3|  0.0|INFORM|Received HTTP response header: 'Content-Type: text/xml;charset=UTF-8'
2018-07-08 13:32:26|   0.3|  0.0|INFORM|Received HTTP response header: 'X-UA-Compatible: IE=edge,chrome=1'
2018-07-08 13:32:26|   0.3|  0.0|INFORM|Received HTTP response header: 'Access-Control-Allow-Origin: *'
2018-07-08 13:32:26|   0.3|  0.0|INFORM|Received HTTP response header: 'Transfer-Encoding: chunked'
2018-07-08 13:32:26|   0.3|  0.0|INFORM|URI 'http://schemas.opengis.net/waterml/2.0/waterml2.xsd' mapped to 'file:////opt/fme-desktop-2018/xml/schemas/waterml/2.0/waterml2.xsd'
2018-07-08 13:32:26|   0.3|  0.0|INFORM|Parsing schema document 'file:////opt/fme-desktop-2018/xml/schemas/waterml/2.0/waterml2.xsd' ...
2018-07-08 13:32:26|   0.3|  0.0|INFORM|A <schemaLocation> in the uri-map is overriding the namespace 'http://www.w3.org/1999/xlink' xsd location from '../../xlink/1.0.0/xlinks.xsd' to 'xlink.xsd'
2018-07-08 13:32:26|   0.3|  0.0|INFORM|A <schemaLocation> in the uri-map is overriding the namespace 'http://www.w3.org/1999/xlink' xsd location from '../../../../xlink/1.0.0/xlinks.xsd' to 'xlink.xsd'
2018-07-08 13:32:26|   0.3|  0.0|INFORM|A <schemaLocation> in the uri-map is overriding the namespace 'http://www.w3.org/1999/xlink' xsd location from '../../../../xlink/1.0.0/xlinks.xsd' to 'xlink.xsd'
2018-07-08 13:32:26|   0.3|  0.0|INFORM|A <schemaLocation> in the uri-map is overriding the namespace 'http://www.w3.org/1999/xlink' xsd location from 'http://www.w3.org/1999/xlink.xsd' to 'xlink.xsd'
2018-07-08 13:32:26|   0.3|  0.0|INFORM|<GML_1 Reader> - Map Embedded Object as: 'ATTRIBUTES'
2018-07-08 13:32:26|   0.3|  0.0|INFORM|<GML_1 Reader> - Map Predefined Properties: 'NO'
2018-07-08 13:32:26|   0.3|  0.0|INFORM|<GML_1 Reader> - Map All Substitutable Properties: 'YES'
2018-07-08 13:32:26|   0.3|  0.0|INFORM|<GML_1 Reader> - Map Complex Properties as: 'NESTED_ATTRIBUTES'
2018-07-08 13:32:26|   0.3|  0.0|INFORM|<GML_1 Reader> - Add XML Namespace Prefix to: 'UNSET'
2018-07-08 13:32:26|   0.3|  0.0|INFORM|<GML_1 Reader> - Limit Number of Lists in Nested Attributes: 'UNSET'
2018-07-08 13:32:26|   0.3|  0.0|INFORM|Using XSD semantics configuration file 'file:////opt/fme-desktop-2018/xml/gml_v3.2/gml_config.xml'.
2018-07-08 13:32:27|   1.0|  0.6|INFORM|Pre-processing xfMap '/tmp/XFMAP_AUTOGEN1531078347239_25050.xml' with macro stylesheet '/opt/fme-desktop-2018/xfmap/xfmap_macro.xslt' into '/tmp/GML_XFMAP_CACHE/CACHED_AUTOGEN_1531078347261_25050.xfmap'
2018-07-08 13:32:27|   1.1|  0.1|INFORM|FME Configuration: Using FME Reprojection Engine
2018-07-08 13:32:27|   1.1|  0.0|INFORM|The XML Reader is using xfMap '/tmp/GML_XFMAP_CACHE/CACHED_AUTOGEN_1531078347261_25050.xfmap'
2018-07-08 13:32:27|   1.2|  0.1|INFORM|FME Configuration: Source coordinate system for reader GML_1[GML] set to `EPSG:4326' as read from input data
2018-07-08 13:32:27|   1.2|  0.0|INFORM|Coordinate System `EPSG:4326' parameters: CS_NAME=`LL-WGS84' DESC_NM=`WGS84 Lat/Longs' DT_NAME=`WGS84' GROUP=`LL' MAP_SCL=`1' PROJ=`LL' QUAD=`1' SCL_RED=`1' UNIT=`DEGREE' 
2018-07-08 13:32:27|   1.3|  0.1|INFORM|HTTP transfer summary - download-size: '9923 bytes', download-time: '3.29955 seconds', url: 'https://waterservices.usgs.gov/nwis/iv/?format=waterml,2.0&parameterCd=00060&siteType=ST&period=PT1H&siteStatus=all&huc=21'
2018-07-08 13:32:27|   1.3|  0.0|INFORM|MULTI_READER(MULTI_READER): Done reading 330 features from 1 readers
2018-07-08 13:32:27|   1.3|  0.0|INFORM|Emptying factory pipeline
2018-07-08 13:32:27|   1.3|  0.0|STATS |Router and Unexpected Input Remover(RoutingFactory): Tested 330 input feature(s), wrote 330 output feature(s): 132 matched merge filters, 132 were routed to output, 198 could not be routed.
2018-07-08 13:32:27|   1.3|  0.0|STATS |MeasurementTimeseries (GML_1) Splitter(TeeFactory): Cloned 66 input feature(s) into 66 output feature(s)
2018-07-08 13:32:27|   1.3|  0.0|STATS |MonitoringPoint (GML_1) Splitter(TeeFactory): Cloned 66 input feature(s) into 66 output feature(s)
2018-07-08 13:32:27|   1.3|  0.0|STATS |SubstringExtractor(TeeFactory): Cloned 66 input feature(s) into 66 output feature(s)
2018-07-08 13:32:27|   1.3|  0.0|STATS |ListExploder(ElementFactory): Split out 142 list elements from 66 input features, using mode CLASSIC
2018-07-08 13:32:27|   1.3|  0.0|STATS |ListExploder_<Rejected>(TeeFactory): Cloned 0 input feature(s) into 0 output feature(s)
2018-07-08 13:32:27|   1.3|  0.0|STATS |Sampler(SamplingFactory): Sampled 66 of 142 feature(s)
2018-07-08 13:32:27|   1.3|  0.0|STATS |Sampler_Sampled(TeeFactory): Cloned 66 input feature(s) into 66 output feature(s)
2018-07-08 13:32:27|   1.3|  0.0|STATS |SubstringExtractor_2(TeeFactory): Cloned 66 input feature(s) into 66 output feature(s)
2018-07-08 13:32:28|   2.2|  0.8|INFORM|FME Configuration: Using connection values from 'flowdb' for POSTGIS_1
2018-07-08 13:32:28|   2.2|  0.0|INFORM|Creating writer for format: PostGIS
2018-07-08 13:32:28|   2.2|  0.0|INFORM|Trying to find a DYNAMIC plugin for writer named `POSTGIS'
2018-07-08 13:32:28|   2.2|  0.0|INFORM|Loaded module 'POSTGIS' from file '/opt/fme-desktop-2018/plugins/postgis.so'
2018-07-08 13:32:28|   2.2|  0.0|INFORM|FME API version of module 'POSTGIS' matches current internal version (3.8 20180209)
2018-07-08 13:32:28|   2.2|  0.0|INFORM|FME Configuration: No destination coordinate system set
2018-07-08 13:32:28|   2.2|  0.0|INFORM|POSTGIS writer: Splitting feature table
2018-07-08 13:32:28|   2.2|  0.0|INFORM|FME API version of module 'POSTGIS' matches current internal version (3.8 20180209)
2018-07-08 13:32:28|   2.2|  0.0|INFORM|Writer `POSTGIS_1' of type `POSTGIS' using group definition keyword `POSTGIS_1_DEF'
2018-07-08 13:32:28|   2.2|  0.0|INFORM|FME API version of module 'POSTGIS' matches current internal version (3.8 20180209)
2018-07-08 13:32:28|   2.2|  0.0|INFORM|Opening POSTGIS writer for dataset 'flowdb'...
2018-07-08 13:32:28|   2.2|  0.0|INFORM|PostGIS client encoding: 'UTF8'
2018-07-08 13:32:28|   2.2|  0.0|INFORM|PostgreSQL 9.5.13 on x86_64-pc-linux-gnu, compiled by gcc (Ubuntu 5.4.0-6ubuntu1~16.04.9) 5.4.0 20160609, 64-bit
2018-07-08 13:32:28|   2.2|  0.0|INFORM|2.3 USE_GEOS=1 USE_PROJ=1 USE_STATS=1
2018-07-08 13:32:28|   2.2|  0.0|INFORM|Testing for the existence of table 'public.gauge_readings'...
2018-07-08 13:32:28|   2.2|  0.0|INFORM|Using existing table 'public.gauge_readings'
2018-07-08 13:32:28|   2.2|  0.0|INFORM|POSTGIS Writer: Creating 'unquoted WKB' geometry processor for feature type 'gauge_readings'
2018-07-08 13:32:28|   2.2|  0.0|INFORM|POSTGIS Writer: Creating 'streaming Bulk Copy' feature type processor for feature type 'gauge_readings'
2018-07-08 13:32:28|   2.2|  0.0|STATS |FeatureJoiner_<Rejected>(TeeFactory): Cloned 0 input feature(s) into 0 output feature(s)
2018-07-08 13:32:28|   2.2|  0.0|STATS |Destination Feature Type Routing Correlator(RoutingFactory): Tested 66 input feature(s), wrote 66 output feature(s): 0 matched merge filters, 66 were routed to output, 0 could not be routed.
2018-07-08 13:32:28|   2.2|  0.0|STATS |Final Output Nuker(TeeFactory): Cloned 0 input feature(s) into 0 output feature(s)
2018-07-08 13:32:28|   2.2|  0.0|INFORM|Successfully closed POSTGIS database writer
2018-07-08 13:32:28|   2.2|  0.0|INFORM|=-=-=-=-=-=-=-=-=-=-=-=-=-=-=-=-=-=-=-=-=-=-=-=-=-=-=-=-=-=-=-=-=-=-=-=-=-=-=-
2018-07-08 13:32:28|   2.2|  0.0|INFORM|Feature output statistics for `POSTGIS' writer using keyword `POSTGIS_1':
2018-07-08 13:32:28|   2.2|  0.0|STATS |=-=-=-=-=-=-=-=-=-=-=-=-=-=-=-=-=-=-=-=-=-=-=-=-=-=-=-=-=-=-=-=-=-=-=-=-=-=-=-
2018-07-08 13:32:28|   2.2|  0.0|STATS |                               Features Written
2018-07-08 13:32:28|   2.2|  0.0|STATS |=-=-=-=-=-=-=-=-=-=-=-=-=-=-=-=-=-=-=-=-=-=-=-=-=-=-=-=-=-=-=-=-=-=-=-=-=-=-=-
2018-07-08 13:32:28|   2.2|  0.0|STATS |gauge_readings                                                              66
2018-07-08 13:32:28|   2.2|  0.0|STATS |==============================================================================
2018-07-08 13:32:28|   2.2|  0.0|STATS |Total Features Written                                                      66
2018-07-08 13:32:28|   2.2|  0.0|STATS |=-=-=-=-=-=-=-=-=-=-=-=-=-=-=-=-=-=-=-=-=-=-=-=-=-=-=-=-=-=-=-=-=-=-=-=-=-=-=-
2018-07-08 13:32:28|   2.2|  0.0|STATS |=-=-=-=-=-=-=-=-=-=-=-=-=-=-=-=-=-=-=-=-=-=-=-=-=-=-=-=-=-=-=-=-=-=-=-=-=-=-=-
2018-07-08 13:32:28|   2.2|  0.0|STATS |                            Features Read Summary
2018-07-08 13:32:28|   2.2|  0.0|STATS |=-=-=-=-=-=-=-=-=-=-=-=-=-=-=-=-=-=-=-=-=-=-=-=-=-=-=-=-=-=-=-=-=-=-=-=-=-=-=-
2018-07-08 13:32:28|   2.2|  0.0|STATS |Collection                                                                  66
2018-07-08 13:32:28|   2.2|  0.0|STATS |MeasurementTimeseries                                                       66
2018-07-08 13:32:28|   2.2|  0.0|STATS |MonitoringPoint                                                             66
2018-07-08 13:32:28|   2.2|  0.0|STATS |OM_Observation                                                              66
2018-07-08 13:32:28|   2.2|  0.0|STATS |ObservationProcess                                                          66
2018-07-08 13:32:28|   2.2|  0.0|STATS |==============================================================================
2018-07-08 13:32:28|   2.2|  0.0|STATS |Total Features Read                                                        330
2018-07-08 13:32:28|   2.2|  0.0|STATS |=-=-=-=-=-=-=-=-=-=-=-=-=-=-=-=-=-=-=-=-=-=-=-=-=-=-=-=-=-=-=-=-=-=-=-=-=-=-=-
2018-07-08 13:32:28|   2.2|  0.0|STATS |=-=-=-=-=-=-=-=-=-=-=-=-=-=-=-=-=-=-=-=-=-=-=-=-=-=-=-=-=-=-=-=-=-=-=-=-=-=-=-
2018-07-08 13:32:28|   2.2|  0.0|STATS |                           Features Written Summary
2018-07-08 13:32:28|   2.2|  0.0|STATS |=-=-=-=-=-=-=-=-=-=-=-=-=-=-=-=-=-=-=-=-=-=-=-=-=-=-=-=-=-=-=-=-=-=-=-=-=-=-=-
2018-07-08 13:32:28|   2.2|  0.0|STATS |gauge_readings                                                              66
2018-07-08 13:32:28|   2.2|  0.0|STATS |==============================================================================
2018-07-08 13:32:28|   2.2|  0.0|STATS |Total Features Written                                                      66
2018-07-08 13:32:28|   2.2|  0.0|STATS |=-=-=-=-=-=-=-=-=-=-=-=-=-=-=-=-=-=-=-=-=-=-=-=-=-=-=-=-=-=-=-=-=-=-=-=-=-=-=-
2018-07-08 13:32:28|   2.2|  0.0|INFORM|Translation was SUCCESSFUL with 0 warning(s) (1 feature(s) output)
2018-07-08 13:32:28|   2.2|  0.0|INFORM|FME Session Duration: 5.8 seconds. (CPU: 2.1s user, 0.1s system)
2018-07-08 13:32:28|   2.2|  0.0|INFORM|END - ProcessID: 25050, peak process memory usage: 150766 kB, current process memory usage: 136032 kB
