2018-07-08 13:27:55|   0.0|  0.0|INFORM|FME 2018.0.0.1 (20180328 - Build 18295 - linux-x64)
2018-07-08 13:27:55|   0.0|  0.0|INFORM|FME_HOME is '/opt/fme-desktop-2018/'
2018-07-08 13:27:55|   0.0|  0.0|INFORM|FME Database Edition (node locked-crc)
2018-07-08 13:27:55|   0.0|  0.0|INFORM|Serial Number: FGKX-7R6C-17XF
2018-07-08 13:27:55|   0.0|  0.0|INFORM|Temporary License: 146 days left.
2018-07-08 13:27:55|   0.0|  0.0|INFORM|Machine host name is: justin-Z97-D3H
2018-07-08 13:27:55|   0.0|  0.0|INFORM|START - ProcessID: 23735, peak process memory usage: 14690 kB, current process memory usage: 14690 kB
2018-07-08 13:27:55|   0.0|  0.0|INFORM|FME Configuration: Command line arguments are `/opt/fme-desktop-2018//bin/fme' `/home/justin/Documents/waterFlow/fmeWorkspaces/wb-xlate-1531078073328_22164' `LOG_STANDARDOUT' `YES' `LogCountServerName' `{e91f4e76-761e-49d8-be96-cabeb08e9b77}'
2018-07-08 13:27:55|   0.0|  0.0|INFORM|FME Configuration: Connection Storage: '/home/justin//.Safe Software/FME/'
2018-07-08 13:27:55|   0.0|  0.0|INFORM|Shared folders for formats are : /opt/fme-desktop-2018/datasources;/home/justin/.fme/Formats
2018-07-08 13:27:55|   0.0|  0.0|INFORM|Shared folders for transformers are : /home/justin/.Safe Software/FME/Packages/18295-linux-x64/transformers;/opt/fme-desktop-2018/transformers;/home/justin/.fme/Transformers;/home/justin/.Safe Software/FME/FME Store/Transformers
2018-07-08 13:27:55|   0.0|  0.0|INFORM|Shared folders for coordinate systems are : /home/justin/.fme/CoordinateSystems
2018-07-08 13:27:55|   0.0|  0.0|INFORM|Shared folders for coordinate system exceptions are : /home/justin/.fme/CoordinateSystemExceptions
2018-07-08 13:27:55|   0.0|  0.0|INFORM|Shared folders for coordinate system grid overrides are : /home/justin/.fme/CoordinateSystemGridOverrides
2018-07-08 13:27:55|   0.0|  0.0|INFORM|Shared folders for CS-MAP transformation exceptions are : /home/justin/.fme/CsmapTransformationExceptions
2018-07-08 13:27:55|   0.0|  0.0|INFORM|Shared folders for transformer categories are : /home/justin/.fme/TransformerCategories
2018-07-08 13:27:55|   0.0|  0.0|INFORM|FME Configuration: Reader Keyword is `MULTI_READER'
2018-07-08 13:27:55|   0.0|  0.0|INFORM|FME Configuration: Writer Keyword is `NULL_DEST'
2018-07-08 13:27:55|   0.0|  0.0|INFORM|FME Configuration: Writer Group Definition Keyword is `NULL_DEST_DEF'
2018-07-08 13:27:55|   0.0|  0.0|INFORM|FME Configuration: Reader type is `MULTI_READER'
2018-07-08 13:27:55|   0.0|  0.0|INFORM|FME Configuration: Writer type is `NULL'
2018-07-08 13:27:55|   0.0|  0.0|INFORM|FME Configuration: No destination coordinate system set
2018-07-08 13:27:55|   0.0|  0.0|INFORM|FME Configuration: Current working folder is `/home/justin/Documents/waterFlow/fmeWorkspaces'
2018-07-08 13:27:55|   0.0|  0.0|INFORM|FME Configuration: Temporary folder is in the system location `/tmp'
2018-07-08 13:27:55|   0.0|  0.0|INFORM|FME Configuration: FME_HOME is `/opt/fme-desktop-2018/'
2018-07-08 13:27:55|   0.0|  0.0|INFORM|FME Configuration: FME_BASE is 'no'
2018-07-08 13:27:55|   0.0|  0.0|INFORM|FME Configuration: FME_MF_DIR is '/home/justin/Documents/waterFlow/fmeWorkspaces/'
2018-07-08 13:27:55|   0.0|  0.0|INFORM|FME Configuration: FME_MF_NAME is 'gaugeRunner.fmw'
2018-07-08 13:27:55|   0.0|  0.0|INFORM|FME Configuration: FME_PRODUCT_NAME is 'FME(R) 2018.0.0.1'
2018-07-08 13:27:55|   0.0|  0.0|INFORM|System Status: 145.74 GB of disk space available in the FME temporary folder (/tmp)
2018-07-08 13:27:55|   0.0|  0.0|INFORM|System Status: 13.20 GB of virtual memory available
2018-07-08 13:27:55|   0.0|  0.0|INFORM|Operating System: Ubuntu 16.04.4 LTS (Xenial Xerus)
2018-07-08 13:27:55|   0.0|  0.0|INFORM|FME Platform: linux-x64
2018-07-08 13:27:55|   0.0|  0.0|INFORM|The memory allocator being used by FME is : `/usr/lib/libtcmalloc_minimal.so.4'
2018-07-08 13:27:55|   0.0|  0.0|INFORM|Locale: en_US.UTF-8
2018-07-08 13:27:55|   0.0|  0.0|INFORM|FME Configuration: Process limit is 7.66 GB of physical memory
2018-07-08 13:27:55|   0.0|  0.0|INFORM|FME Configuration: Start freeing memory when process usage exceeds 12.02 GB of virtual memory
2018-07-08 13:27:55|   0.0|  0.0|INFORM|FME Configuration: Stop freeing memory when process usage is below 9.02 GB of virtual memory
2018-07-08 13:27:55|   0.1|  0.0|INFORM|Creating writer for format: NULL (Nothing)
2018-07-08 13:27:55|   0.1|  0.0|INFORM|Trying to find a DYNAMIC plugin for writer named `NULL'
2018-07-08 13:27:55|   0.1|  0.0|INFORM|LD_LIBRARY_PATH is '/opt/fme-desktop-2018//fmecore:/opt/fme-desktop-2018/fmecore'
2018-07-08 13:27:55|   0.1|  0.0|INFORM|Loaded module 'NULL' from file '/opt/fme-desktop-2018/plugins/null.so'
2018-07-08 13:27:55|   0.1|  0.0|INFORM|FME API version of module 'NULL' matches current internal version (3.8 20180209)
2018-07-08 13:27:55|   0.1|  0.0|INFORM|Creating reader for format: 
2018-07-08 13:27:55|   0.1|  0.0|INFORM|MULTI_READER(MULTI_READER): Will fail with first member reader failure
2018-07-08 13:27:55|   0.1|  0.0|INFORM|MULTI_READER(MULTI_READER): Adding CSV2 Reader with keyword CSV2_1
2018-07-08 13:27:55|   0.1|  0.0|INFORM|Using Multi Reader with keyword `MULTI_READER' to read multiple datasets
2018-07-08 13:27:55|   0.1|  0.0|INFORM|Creating reader for format: CSV (Comma Separated Value)
2018-07-08 13:27:55|   0.1|  0.0|INFORM|Trying to find a DYNAMIC plugin for reader named `CSV2'
2018-07-08 13:27:55|   0.1|  0.0|INFORM|Loaded module 'CSV2' from file '/opt/fme-desktop-2018/plugins/csv2.so'
2018-07-08 13:27:55|   0.1|  0.0|INFORM|FME API version of module 'CSV2' matches current internal version (3.8 20180209)
2018-07-08 13:27:55|   0.1|  0.0|INFORM|CSV reader: Opening dataset '/home/justin/Documents/FME/WaterGaugeList.csv'
2018-07-08 13:27:55|   0.1|  0.0|INFORM|CSV reader: Directive '_DELIMITER' has the value ','
2018-07-08 13:27:55|   0.1|  0.0|INFORM|CSV reader: Directive '_FIELD_NAMES_LINE' has the value '1'
2018-07-08 13:27:55|   0.1|  0.0|INFORM|CSV reader: Directive '_DATA_START_LINE' has the value '2'
2018-07-08 13:27:55|   0.1|  0.0|INFORM|CSV reader: Directive '_SCAN_MAX_ROWS' has the value '1000'
2018-07-08 13:27:55|   0.1|  0.0|INFORM|CSV reader: Directive '_READ_SKIPPED_LINES' has the value 'No'
2018-07-08 13:27:55|   0.1|  0.0|INFORM|CSV reader: Directive '_SKIP_DUPLICATE_DELIMITERS' has the value 'No'
2018-07-08 13:27:55|   0.1|  0.0|INFORM|CSV reader: Directive '_FIELD_QUALIFIER_CHARACTER' has the value '"'
2018-07-08 13:27:55|   0.1|  0.0|INFORM|CSV reader: Directive '_FIELD_QUALIFIER_ESCAPE_CHARACTER' has the value '"'
2018-07-08 13:27:55|   0.1|  0.0|INFORM|CSV reader: Directive '_TRIM_FIELD_NAME_QUALIFIERS' has the value 'Yes'
2018-07-08 13:27:55|   0.1|  0.0|INFORM|CSV reader: Directive '_TRIM_FIELD_VALUE_QUALIFIERS' has the value 'Yes'
2018-07-08 13:27:55|   0.1|  0.0|INFORM|CSV reader: Directive '_PRESERVE_SOURCE_ENCODING' has the value 'No'
2018-07-08 13:27:55|   0.1|  0.0|INFORM|CSV reader: Directive '_CASE_SENSITIVE_FIELD_NAMES' has the value 'Yes'
2018-07-08 13:27:55|   0.1|  0.0|INFORM|CSV reader: Directive '_ENFORCE_STRICT_SCHEMA' has the value 'No'
2018-07-08 13:27:55|   0.1|  0.0|INFORM|CSV reader: Directive '_SCAN_TYPES' has the value 'No'
2018-07-08 13:27:55|   0.1|  0.0|INFORM|CSV reader: Directive '_SCAN_ADDITIONAL_FIELDS' has the value 'No'
2018-07-08 13:27:55|   0.1|  0.0|INFORM|FME API version of module 'NULL' matches current internal version (3.8 20180209)
2018-07-08 13:27:55|   0.1|  0.0|INFORM|FME API version of module 'NULL' matches current internal version (3.8 20180209)
2018-07-08 13:27:55|   0.1|  0.0|INFORM|Loaded module 'LogCount_func' from file '/opt/fme-desktop-2018/plugins/logcount_func.so'
2018-07-08 13:27:55|   0.1|  0.0|INFORM|FME API version of module 'LogCount_func' matches current internal version (3.8 20180209)
2018-07-08 13:27:55|   0.1|  0.0|INFORM|Counter_Rejector(ExecuteFunctionFactory): Splitting feature table
2018-07-08 13:27:55|   0.1|  0.0|INFORM|WorkspaceRunner: Command to run - `/home/justin/Documents/waterFlow/fmeWorkspaces/gaugeReader.fmw --watershed 01'
2018-07-08 13:27:55|   0.1|  0.0|INFORM|WorkspaceRunner: Running FME with command line - `/usr/bin/env FME_SUBPROCESS_RUN_DETACHED=1 /opt/fme-desktop-2018/fme COMMAND_FILE /tmp/wsr_cm_1531078075474_23735 2>@1'
2018-07-08 13:28:06|   0.2|  0.0|INFORM|WorkspaceRunner: Successfully ran workspace `/home/justin/Documents/waterFlow/fmeWorkspaces/gaugeReader.fmw'
2018-07-08 13:28:06|   0.2|  0.0|INFORM|Logger: Feature is:
2018-07-08 13:28:06|   0.2|  0.0|INFORM|+++++++++++++++++++++++++++++++++++++++++++++++++++++++++++++++++++++++++++
2018-07-08 13:28:06|   0.2|  0.0|INFORM|Feature Type: `Logger_LOGGED'
2018-07-08 13:28:06|   0.2|  0.0|INFORM|Attribute(string)                 : `Gauges' has value `https://waterservices.usgs.gov/nwis/iv/?format=waterml&huc=01&parameterCd=00060&siteType=ST&period=PT1H&siteStatus=all'
2018-07-08 13:28:06|   0.2|  0.0|INFORM|Attribute(encoded: UTF-16LE)      : `_count' has value `01'
2018-07-08 13:28:06|   0.2|  0.0|INFORM|Attribute(64 bit unsigned integer): `csv_line_number' has value `2'
2018-07-08 13:28:06|   0.2|  0.0|INFORM|Attribute(32 bit unsigned integer): `csv_number_of_fields' has value `1'
2018-07-08 13:28:06|   0.2|  0.0|INFORM|Attribute(32 bit unsigned integer): `csv_total_number_of_columns' has value `1'
2018-07-08 13:28:06|   0.2|  0.0|INFORM|Attribute(string)                 : `fme_feature_type' has value `CSV'
2018-07-08 13:28:06|   0.2|  0.0|INFORM|Attribute(string)                 : `fme_geometry' has value `fme_undefined'
2018-07-08 13:28:06|   0.2|  0.0|INFORM|Attribute(entangled: string)      : `fme_type' has value `fme_no_geom'
2018-07-08 13:28:06|   0.2|  0.0|INFORM|          entangled to [csv_type]
2018-07-08 13:28:06|   0.2|  0.0|INFORM|Attribute(32 bit integer)         : `multi_reader_full_id' has value `0'
2018-07-08 13:28:06|   0.2|  0.0|INFORM|Attribute(32 bit integer)         : `multi_reader_id' has value `0'
2018-07-08 13:28:06|   0.2|  0.0|INFORM|Attribute(string)                 : `multi_reader_keyword' has value `CSV2_1'
2018-07-08 13:28:06|   0.2|  0.0|INFORM|Attribute(string)                 : `multi_reader_type' has value `CSV2'
2018-07-08 13:28:06|   0.2|  0.0|INFORM|Coordinate System: `'
2018-07-08 13:28:06|   0.2|  0.0|INFORM|Geometry Type: IFMENull
2018-07-08 13:28:06|   0.2|  0.0|INFORM|===========================================================================
2018-07-08 13:28:06|   0.2|  0.0|INFORM|Counter_Rejector(ExecuteFunctionFactory): Processed 1 of 21 features
2018-07-08 13:28:06|   0.2|  0.0|INFORM|WorkspaceRunner: Command to run - `/home/justin/Documents/waterFlow/fmeWorkspaces/gaugeReader.fmw --watershed 02'
2018-07-08 13:28:06|   0.2|  0.0|INFORM|WorkspaceRunner: Running FME with command line - `/usr/bin/env FME_SUBPROCESS_RUN_DETACHED=1 /opt/fme-desktop-2018/fme COMMAND_FILE /tmp/wsr_cm_1531078086377_23735 2>@1'
2018-07-08 13:28:30|   0.2|  0.0|INFORM|WorkspaceRunner: Successfully ran workspace `/home/justin/Documents/waterFlow/fmeWorkspaces/gaugeReader.fmw'
2018-07-08 13:28:30|   0.2|  0.0|INFORM|Logger: Feature is:
2018-07-08 13:28:30|   0.2|  0.0|INFORM|+++++++++++++++++++++++++++++++++++++++++++++++++++++++++++++++++++++++++++
2018-07-08 13:28:30|   0.2|  0.0|INFORM|Feature Type: `Logger_LOGGED'
2018-07-08 13:28:30|   0.2|  0.0|INFORM|Attribute(string)                 : `Gauges' has value `https://waterservices.usgs.gov/nwis/iv/?format=waterml&huc=02&parameterCd=00060&siteType=ST&period=PT1H&siteStatus=all'
2018-07-08 13:28:30|   0.2|  0.0|INFORM|Attribute(encoded: UTF-16LE)      : `_count' has value `02'
2018-07-08 13:28:30|   0.2|  0.0|INFORM|Attribute(64 bit unsigned integer): `csv_line_number' has value `3'
2018-07-08 13:28:30|   0.2|  0.0|INFORM|Attribute(32 bit unsigned integer): `csv_number_of_fields' has value `1'
2018-07-08 13:28:30|   0.2|  0.0|INFORM|Attribute(32 bit unsigned integer): `csv_total_number_of_columns' has value `1'
2018-07-08 13:28:30|   0.2|  0.0|INFORM|Attribute(string)                 : `fme_feature_type' has value `CSV'
2018-07-08 13:28:30|   0.2|  0.0|INFORM|Attribute(string)                 : `fme_geometry' has value `fme_undefined'
2018-07-08 13:28:30|   0.2|  0.0|INFORM|Attribute(entangled: string)      : `fme_type' has value `fme_no_geom'
2018-07-08 13:28:30|   0.2|  0.0|INFORM|          entangled to [csv_type]
2018-07-08 13:28:30|   0.2|  0.0|INFORM|Attribute(32 bit integer)         : `multi_reader_full_id' has value `0'
2018-07-08 13:28:30|   0.2|  0.0|INFORM|Attribute(32 bit integer)         : `multi_reader_id' has value `0'
2018-07-08 13:28:30|   0.2|  0.0|INFORM|Attribute(string)                 : `multi_reader_keyword' has value `CSV2_1'
2018-07-08 13:28:30|   0.2|  0.0|INFORM|Attribute(string)                 : `multi_reader_type' has value `CSV2'
2018-07-08 13:28:30|   0.2|  0.0|INFORM|Coordinate System: `'
2018-07-08 13:28:30|   0.2|  0.0|INFORM|Geometry Type: IFMENull
2018-07-08 13:28:30|   0.2|  0.0|INFORM|===========================================================================
2018-07-08 13:28:30|   0.2|  0.0|INFORM|Counter_Rejector(ExecuteFunctionFactory): Processed 2 of 21 features
2018-07-08 13:28:30|   0.2|  0.0|INFORM|WorkspaceRunner: Command to run - `/home/justin/Documents/waterFlow/fmeWorkspaces/gaugeReader.fmw --watershed 03'
2018-07-08 13:28:30|   0.2|  0.0|INFORM|WorkspaceRunner: Running FME with command line - `/usr/bin/env FME_SUBPROCESS_RUN_DETACHED=1 /opt/fme-desktop-2018/fme COMMAND_FILE /tmp/wsr_cm_1531078110310_23735 2>@1'
2018-07-08 13:28:59|   0.2|  0.0|INFORM|WorkspaceRunner: Successfully ran workspace `/home/justin/Documents/waterFlow/fmeWorkspaces/gaugeReader.fmw'
2018-07-08 13:28:59|   0.2|  0.0|INFORM|Logger: Feature is:
2018-07-08 13:28:59|   0.2|  0.0|INFORM|+++++++++++++++++++++++++++++++++++++++++++++++++++++++++++++++++++++++++++
2018-07-08 13:28:59|   0.2|  0.0|INFORM|Feature Type: `Logger_LOGGED'
2018-07-08 13:28:59|   0.2|  0.0|INFORM|Attribute(string)                 : `Gauges' has value `https://waterservices.usgs.gov/nwis/iv/?format=waterml&huc=03&parameterCd=00060&siteType=ST&period=PT1H&siteStatus=all'
2018-07-08 13:28:59|   0.2|  0.0|INFORM|Attribute(encoded: UTF-16LE)      : `_count' has value `03'
2018-07-08 13:28:59|   0.2|  0.0|INFORM|Attribute(64 bit unsigned integer): `csv_line_number' has value `4'
2018-07-08 13:28:59|   0.2|  0.0|INFORM|Attribute(32 bit unsigned integer): `csv_number_of_fields' has value `1'
2018-07-08 13:28:59|   0.2|  0.0|INFORM|Attribute(32 bit unsigned integer): `csv_total_number_of_columns' has value `1'
2018-07-08 13:28:59|   0.2|  0.0|INFORM|Attribute(string)                 : `fme_feature_type' has value `CSV'
2018-07-08 13:28:59|   0.2|  0.0|INFORM|Attribute(string)                 : `fme_geometry' has value `fme_undefined'
2018-07-08 13:28:59|   0.2|  0.0|INFORM|Attribute(entangled: string)      : `fme_type' has value `fme_no_geom'
2018-07-08 13:28:59|   0.2|  0.0|INFORM|          entangled to [csv_type]
2018-07-08 13:28:59|   0.2|  0.0|INFORM|Attribute(32 bit integer)         : `multi_reader_full_id' has value `0'
2018-07-08 13:28:59|   0.2|  0.0|INFORM|Attribute(32 bit integer)         : `multi_reader_id' has value `0'
2018-07-08 13:28:59|   0.2|  0.0|INFORM|Attribute(string)                 : `multi_reader_keyword' has value `CSV2_1'
2018-07-08 13:28:59|   0.2|  0.0|INFORM|Attribute(string)                 : `multi_reader_type' has value `CSV2'
2018-07-08 13:28:59|   0.2|  0.0|INFORM|Coordinate System: `'
2018-07-08 13:28:59|   0.2|  0.0|INFORM|Geometry Type: IFMENull
2018-07-08 13:28:59|   0.2|  0.0|INFORM|===========================================================================
2018-07-08 13:28:59|   0.2|  0.0|INFORM|Counter_Rejector(ExecuteFunctionFactory): Processed 3 of 21 features
2018-07-08 13:28:59|   0.2|  0.0|INFORM|WorkspaceRunner: Command to run - `/home/justin/Documents/waterFlow/fmeWorkspaces/gaugeReader.fmw --watershed 04'
2018-07-08 13:28:59|   0.2|  0.0|INFORM|WorkspaceRunner: Running FME with command line - `/usr/bin/env FME_SUBPROCESS_RUN_DETACHED=1 /opt/fme-desktop-2018/fme COMMAND_FILE /tmp/wsr_cm_1531078139500_23735 2>@1'
2018-07-08 13:29:13|   0.2|  0.0|INFORM|WorkspaceRunner: Successfully ran workspace `/home/justin/Documents/waterFlow/fmeWorkspaces/gaugeReader.fmw'
2018-07-08 13:29:13|   0.2|  0.0|INFORM|Logger: Feature is:
2018-07-08 13:29:13|   0.2|  0.0|INFORM|+++++++++++++++++++++++++++++++++++++++++++++++++++++++++++++++++++++++++++
2018-07-08 13:29:13|   0.2|  0.0|INFORM|Feature Type: `Logger_LOGGED'
2018-07-08 13:29:13|   0.2|  0.0|INFORM|Attribute(string)                 : `Gauges' has value `https://waterservices.usgs.gov/nwis/iv/?format=waterml&huc=04&parameterCd=00060&siteType=ST&period=PT1H&siteStatus=all'
2018-07-08 13:29:13|   0.2|  0.0|INFORM|Attribute(encoded: UTF-16LE)      : `_count' has value `04'
2018-07-08 13:29:13|   0.2|  0.0|INFORM|Attribute(64 bit unsigned integer): `csv_line_number' has value `5'
2018-07-08 13:29:13|   0.2|  0.0|INFORM|Attribute(32 bit unsigned integer): `csv_number_of_fields' has value `1'
2018-07-08 13:29:13|   0.2|  0.0|INFORM|Attribute(32 bit unsigned integer): `csv_total_number_of_columns' has value `1'
2018-07-08 13:29:13|   0.2|  0.0|INFORM|Attribute(string)                 : `fme_feature_type' has value `CSV'
2018-07-08 13:29:13|   0.2|  0.0|INFORM|Attribute(string)                 : `fme_geometry' has value `fme_undefined'
2018-07-08 13:29:13|   0.2|  0.0|INFORM|Attribute(entangled: string)      : `fme_type' has value `fme_no_geom'
2018-07-08 13:29:13|   0.2|  0.0|INFORM|          entangled to [csv_type]
2018-07-08 13:29:13|   0.2|  0.0|INFORM|Attribute(32 bit integer)         : `multi_reader_full_id' has value `0'
2018-07-08 13:29:13|   0.2|  0.0|INFORM|Attribute(32 bit integer)         : `multi_reader_id' has value `0'
2018-07-08 13:29:13|   0.2|  0.0|INFORM|Attribute(string)                 : `multi_reader_keyword' has value `CSV2_1'
2018-07-08 13:29:13|   0.2|  0.0|INFORM|Attribute(string)                 : `multi_reader_type' has value `CSV2'
2018-07-08 13:29:13|   0.2|  0.0|INFORM|Coordinate System: `'
2018-07-08 13:29:13|   0.2|  0.0|INFORM|Geometry Type: IFMENull
2018-07-08 13:29:13|   0.2|  0.0|INFORM|===========================================================================
2018-07-08 13:29:13|   0.2|  0.0|INFORM|Counter_Rejector(ExecuteFunctionFactory): Processed 4 of 21 features
2018-07-08 13:29:13|   0.2|  0.0|INFORM|WorkspaceRunner: Command to run - `/home/justin/Documents/waterFlow/fmeWorkspaces/gaugeReader.fmw --watershed 05'
2018-07-08 13:29:13|   0.2|  0.0|INFORM|WorkspaceRunner: Running FME with command line - `/usr/bin/env FME_SUBPROCESS_RUN_DETACHED=1 /opt/fme-desktop-2018/fme COMMAND_FILE /tmp/wsr_cm_1531078153429_23735 2>@1'
2018-07-08 13:29:31|   0.2|  0.0|INFORM|WorkspaceRunner: Successfully ran workspace `/home/justin/Documents/waterFlow/fmeWorkspaces/gaugeReader.fmw'
2018-07-08 13:29:31|   0.2|  0.0|INFORM|Logger: Feature is:
2018-07-08 13:29:31|   0.2|  0.0|INFORM|+++++++++++++++++++++++++++++++++++++++++++++++++++++++++++++++++++++++++++
2018-07-08 13:29:31|   0.2|  0.0|INFORM|Feature Type: `Logger_LOGGED'
2018-07-08 13:29:31|   0.2|  0.0|INFORM|Attribute(string)                 : `Gauges' has value `https://waterservices.usgs.gov/nwis/iv/?format=waterml&huc=05&parameterCd=00060&siteType=ST&period=PT1H&siteStatus=all'
2018-07-08 13:29:31|   0.2|  0.0|INFORM|Attribute(encoded: UTF-16LE)      : `_count' has value `05'
2018-07-08 13:29:31|   0.2|  0.0|INFORM|Attribute(64 bit unsigned integer): `csv_line_number' has value `6'
2018-07-08 13:29:31|   0.2|  0.0|INFORM|Attribute(32 bit unsigned integer): `csv_number_of_fields' has value `1'
2018-07-08 13:29:31|   0.2|  0.0|INFORM|Attribute(32 bit unsigned integer): `csv_total_number_of_columns' has value `1'
2018-07-08 13:29:31|   0.2|  0.0|INFORM|Attribute(string)                 : `fme_feature_type' has value `CSV'
2018-07-08 13:29:31|   0.2|  0.0|INFORM|Attribute(string)                 : `fme_geometry' has value `fme_undefined'
2018-07-08 13:29:31|   0.2|  0.0|INFORM|Attribute(entangled: string)      : `fme_type' has value `fme_no_geom'
2018-07-08 13:29:31|   0.2|  0.0|INFORM|          entangled to [csv_type]
2018-07-08 13:29:31|   0.2|  0.0|INFORM|Attribute(32 bit integer)         : `multi_reader_full_id' has value `0'
2018-07-08 13:29:31|   0.2|  0.0|INFORM|Attribute(32 bit integer)         : `multi_reader_id' has value `0'
2018-07-08 13:29:31|   0.2|  0.0|INFORM|Attribute(string)                 : `multi_reader_keyword' has value `CSV2_1'
2018-07-08 13:29:31|   0.2|  0.0|INFORM|Attribute(string)                 : `multi_reader_type' has value `CSV2'
2018-07-08 13:29:31|   0.2|  0.0|INFORM|Coordinate System: `'
2018-07-08 13:29:31|   0.2|  0.0|INFORM|Geometry Type: IFMENull
2018-07-08 13:29:31|   0.2|  0.0|INFORM|===========================================================================
2018-07-08 13:29:31|   0.2|  0.0|INFORM|Counter_Rejector(ExecuteFunctionFactory): Processed 5 of 21 features
2018-07-08 13:29:31|   0.2|  0.0|INFORM|WorkspaceRunner: Command to run - `/home/justin/Documents/waterFlow/fmeWorkspaces/gaugeReader.fmw --watershed 06'
2018-07-08 13:29:31|   0.2|  0.0|INFORM|WorkspaceRunner: Running FME with command line - `/usr/bin/env FME_SUBPROCESS_RUN_DETACHED=1 /opt/fme-desktop-2018/fme COMMAND_FILE /tmp/wsr_cm_1531078171169_23735 2>@1'
2018-07-08 13:29:37|   0.2|  0.0|INFORM|WorkspaceRunner: Successfully ran workspace `/home/justin/Documents/waterFlow/fmeWorkspaces/gaugeReader.fmw'
2018-07-08 13:29:37|   0.2|  0.0|INFORM|Logger: Feature is:
2018-07-08 13:29:37|   0.2|  0.0|INFORM|+++++++++++++++++++++++++++++++++++++++++++++++++++++++++++++++++++++++++++
2018-07-08 13:29:37|   0.2|  0.0|INFORM|Feature Type: `Logger_LOGGED'
2018-07-08 13:29:37|   0.2|  0.0|INFORM|Attribute(string)                 : `Gauges' has value `https://waterservices.usgs.gov/nwis/iv/?format=waterml&huc=06&parameterCd=00060&siteType=ST&period=PT1H&siteStatus=all'
2018-07-08 13:29:37|   0.2|  0.0|INFORM|Attribute(encoded: UTF-16LE)      : `_count' has value `06'
2018-07-08 13:29:37|   0.2|  0.0|INFORM|Attribute(64 bit unsigned integer): `csv_line_number' has value `7'
2018-07-08 13:29:37|   0.2|  0.0|INFORM|Attribute(32 bit unsigned integer): `csv_number_of_fields' has value `1'
2018-07-08 13:29:37|   0.2|  0.0|INFORM|Attribute(32 bit unsigned integer): `csv_total_number_of_columns' has value `1'
2018-07-08 13:29:37|   0.2|  0.0|INFORM|Attribute(string)                 : `fme_feature_type' has value `CSV'
2018-07-08 13:29:37|   0.2|  0.0|INFORM|Attribute(string)                 : `fme_geometry' has value `fme_undefined'
2018-07-08 13:29:37|   0.2|  0.0|INFORM|Attribute(entangled: string)      : `fme_type' has value `fme_no_geom'
2018-07-08 13:29:37|   0.2|  0.0|INFORM|          entangled to [csv_type]
2018-07-08 13:29:37|   0.2|  0.0|INFORM|Attribute(32 bit integer)         : `multi_reader_full_id' has value `0'
2018-07-08 13:29:37|   0.2|  0.0|INFORM|Attribute(32 bit integer)         : `multi_reader_id' has value `0'
2018-07-08 13:29:37|   0.2|  0.0|INFORM|Attribute(string)                 : `multi_reader_keyword' has value `CSV2_1'
2018-07-08 13:29:37|   0.2|  0.0|INFORM|Attribute(string)                 : `multi_reader_type' has value `CSV2'
2018-07-08 13:29:37|   0.2|  0.0|INFORM|Coordinate System: `'
2018-07-08 13:29:37|   0.2|  0.0|INFORM|Geometry Type: IFMENull
2018-07-08 13:29:37|   0.2|  0.0|INFORM|===========================================================================
2018-07-08 13:29:37|   0.2|  0.0|INFORM|Counter_Rejector(ExecuteFunctionFactory): Processed 6 of 21 features
2018-07-08 13:29:37|   0.2|  0.0|INFORM|WorkspaceRunner: Command to run - `/home/justin/Documents/waterFlow/fmeWorkspaces/gaugeReader.fmw --watershed 07'
2018-07-08 13:29:37|   0.2|  0.0|INFORM|WorkspaceRunner: Running FME with command line - `/usr/bin/env FME_SUBPROCESS_RUN_DETACHED=1 /opt/fme-desktop-2018/fme COMMAND_FILE /tmp/wsr_cm_1531078177678_23735 2>@1'
2018-07-08 13:29:56|   0.3|  0.0|INFORM|WorkspaceRunner: Successfully ran workspace `/home/justin/Documents/waterFlow/fmeWorkspaces/gaugeReader.fmw'
2018-07-08 13:29:56|   0.3|  0.0|INFORM|Logger: Feature is:
2018-07-08 13:29:56|   0.3|  0.0|INFORM|+++++++++++++++++++++++++++++++++++++++++++++++++++++++++++++++++++++++++++
2018-07-08 13:29:56|   0.3|  0.0|INFORM|Feature Type: `Logger_LOGGED'
2018-07-08 13:29:56|   0.3|  0.0|INFORM|Attribute(string)                 : `Gauges' has value `https://waterservices.usgs.gov/nwis/iv/?format=waterml&huc=07&parameterCd=00060&siteType=ST&period=PT1H&siteStatus=all'
2018-07-08 13:29:56|   0.3|  0.0|INFORM|Attribute(encoded: UTF-16LE)      : `_count' has value `07'
2018-07-08 13:29:56|   0.3|  0.0|INFORM|Attribute(64 bit unsigned integer): `csv_line_number' has value `8'
2018-07-08 13:29:56|   0.3|  0.0|INFORM|Attribute(32 bit unsigned integer): `csv_number_of_fields' has value `1'
2018-07-08 13:29:56|   0.3|  0.0|INFORM|Attribute(32 bit unsigned integer): `csv_total_number_of_columns' has value `1'
2018-07-08 13:29:56|   0.3|  0.0|INFORM|Attribute(string)                 : `fme_feature_type' has value `CSV'
2018-07-08 13:29:56|   0.3|  0.0|INFORM|Attribute(string)                 : `fme_geometry' has value `fme_undefined'
2018-07-08 13:29:56|   0.3|  0.0|INFORM|Attribute(entangled: string)      : `fme_type' has value `fme_no_geom'
2018-07-08 13:29:56|   0.3|  0.0|INFORM|          entangled to [csv_type]
2018-07-08 13:29:56|   0.3|  0.0|INFORM|Attribute(32 bit integer)         : `multi_reader_full_id' has value `0'
2018-07-08 13:29:56|   0.3|  0.0|INFORM|Attribute(32 bit integer)         : `multi_reader_id' has value `0'
2018-07-08 13:29:56|   0.3|  0.0|INFORM|Attribute(string)                 : `multi_reader_keyword' has value `CSV2_1'
2018-07-08 13:29:56|   0.3|  0.0|INFORM|Attribute(string)                 : `multi_reader_type' has value `CSV2'
2018-07-08 13:29:56|   0.3|  0.0|INFORM|Coordinate System: `'
2018-07-08 13:29:56|   0.3|  0.0|INFORM|Geometry Type: IFMENull
2018-07-08 13:29:56|   0.3|  0.0|INFORM|===========================================================================
2018-07-08 13:29:56|   0.3|  0.0|INFORM|Counter_Rejector(ExecuteFunctionFactory): Processed 7 of 21 features
2018-07-08 13:29:56|   0.3|  0.0|INFORM|WorkspaceRunner: Command to run - `/home/justin/Documents/waterFlow/fmeWorkspaces/gaugeReader.fmw --watershed 08'
2018-07-08 13:29:56|   0.3|  0.0|INFORM|WorkspaceRunner: Running FME with command line - `/usr/bin/env FME_SUBPROCESS_RUN_DETACHED=1 /opt/fme-desktop-2018/fme COMMAND_FILE /tmp/wsr_cm_1531078196219_23735 2>@1'
2018-07-08 13:30:08|   0.3|  0.0|INFORM|WorkspaceRunner: Successfully ran workspace `/home/justin/Documents/waterFlow/fmeWorkspaces/gaugeReader.fmw'
2018-07-08 13:30:08|   0.3|  0.0|INFORM|Logger: Feature is:
2018-07-08 13:30:08|   0.3|  0.0|INFORM|+++++++++++++++++++++++++++++++++++++++++++++++++++++++++++++++++++++++++++
2018-07-08 13:30:08|   0.3|  0.0|INFORM|Feature Type: `Logger_LOGGED'
2018-07-08 13:30:08|   0.3|  0.0|INFORM|Attribute(string)                 : `Gauges' has value `https://waterservices.usgs.gov/nwis/iv/?format=waterml&huc=08&parameterCd=00060&siteType=ST&period=PT1H&siteStatus=all'
2018-07-08 13:30:08|   0.3|  0.0|INFORM|Attribute(encoded: UTF-16LE)      : `_count' has value `08'
2018-07-08 13:30:08|   0.3|  0.0|INFORM|Attribute(64 bit unsigned integer): `csv_line_number' has value `9'
2018-07-08 13:30:08|   0.3|  0.0|INFORM|Attribute(32 bit unsigned integer): `csv_number_of_fields' has value `1'
2018-07-08 13:30:08|   0.3|  0.0|INFORM|Attribute(32 bit unsigned integer): `csv_total_number_of_columns' has value `1'
2018-07-08 13:30:08|   0.3|  0.0|INFORM|Attribute(string)                 : `fme_feature_type' has value `CSV'
2018-07-08 13:30:08|   0.3|  0.0|INFORM|Attribute(string)                 : `fme_geometry' has value `fme_undefined'
2018-07-08 13:30:08|   0.3|  0.0|INFORM|Attribute(entangled: string)      : `fme_type' has value `fme_no_geom'
2018-07-08 13:30:08|   0.3|  0.0|INFORM|          entangled to [csv_type]
2018-07-08 13:30:08|   0.3|  0.0|INFORM|Attribute(32 bit integer)         : `multi_reader_full_id' has value `0'
2018-07-08 13:30:08|   0.3|  0.0|INFORM|Attribute(32 bit integer)         : `multi_reader_id' has value `0'
2018-07-08 13:30:08|   0.3|  0.0|INFORM|Attribute(string)                 : `multi_reader_keyword' has value `CSV2_1'
2018-07-08 13:30:08|   0.3|  0.0|INFORM|Attribute(string)                 : `multi_reader_type' has value `CSV2'
2018-07-08 13:30:08|   0.3|  0.0|INFORM|Coordinate System: `'
2018-07-08 13:30:08|   0.3|  0.0|INFORM|Geometry Type: IFMENull
2018-07-08 13:30:08|   0.3|  0.0|INFORM|===========================================================================
2018-07-08 13:30:08|   0.3|  0.0|INFORM|Counter_Rejector(ExecuteFunctionFactory): Processed 8 of 21 features
2018-07-08 13:30:08|   0.3|  0.0|INFORM|WorkspaceRunner: Command to run - `/home/justin/Documents/waterFlow/fmeWorkspaces/gaugeReader.fmw --watershed 09'
2018-07-08 13:30:08|   0.3|  0.0|INFORM|WorkspaceRunner: Running FME with command line - `/usr/bin/env FME_SUBPROCESS_RUN_DETACHED=1 /opt/fme-desktop-2018/fme COMMAND_FILE /tmp/wsr_cm_1531078208576_23735 2>@1'
2018-07-08 13:30:14|   0.3|  0.0|INFORM|WorkspaceRunner: Successfully ran workspace `/home/justin/Documents/waterFlow/fmeWorkspaces/gaugeReader.fmw'
2018-07-08 13:30:14|   0.3|  0.0|INFORM|Logger: Feature is:
2018-07-08 13:30:14|   0.3|  0.0|INFORM|+++++++++++++++++++++++++++++++++++++++++++++++++++++++++++++++++++++++++++
2018-07-08 13:30:14|   0.3|  0.0|INFORM|Feature Type: `Logger_LOGGED'
2018-07-08 13:30:14|   0.3|  0.0|INFORM|Attribute(string)                 : `Gauges' has value `https://waterservices.usgs.gov/nwis/iv/?format=waterml&huc=09&parameterCd=00060&siteType=ST&period=PT1H&siteStatus=all'
2018-07-08 13:30:14|   0.3|  0.0|INFORM|Attribute(encoded: UTF-16LE)      : `_count' has value `09'
2018-07-08 13:30:14|   0.3|  0.0|INFORM|Attribute(64 bit unsigned integer): `csv_line_number' has value `10'
2018-07-08 13:30:14|   0.3|  0.0|INFORM|Attribute(32 bit unsigned integer): `csv_number_of_fields' has value `1'
2018-07-08 13:30:14|   0.3|  0.0|INFORM|Attribute(32 bit unsigned integer): `csv_total_number_of_columns' has value `1'
2018-07-08 13:30:14|   0.3|  0.0|INFORM|Attribute(string)                 : `fme_feature_type' has value `CSV'
2018-07-08 13:30:14|   0.3|  0.0|INFORM|Attribute(string)                 : `fme_geometry' has value `fme_undefined'
2018-07-08 13:30:14|   0.3|  0.0|INFORM|Attribute(entangled: string)      : `fme_type' has value `fme_no_geom'
2018-07-08 13:30:14|   0.3|  0.0|INFORM|          entangled to [csv_type]
2018-07-08 13:30:14|   0.3|  0.0|INFORM|Attribute(32 bit integer)         : `multi_reader_full_id' has value `0'
2018-07-08 13:30:14|   0.3|  0.0|INFORM|Attribute(32 bit integer)         : `multi_reader_id' has value `0'
2018-07-08 13:30:14|   0.3|  0.0|INFORM|Attribute(string)                 : `multi_reader_keyword' has value `CSV2_1'
2018-07-08 13:30:14|   0.3|  0.0|INFORM|Attribute(string)                 : `multi_reader_type' has value `CSV2'
2018-07-08 13:30:14|   0.3|  0.0|INFORM|Coordinate System: `'
2018-07-08 13:30:14|   0.3|  0.0|INFORM|Geometry Type: IFMENull
2018-07-08 13:30:14|   0.3|  0.0|INFORM|===========================================================================
2018-07-08 13:30:14|   0.3|  0.0|INFORM|Counter_Rejector(ExecuteFunctionFactory): Processed 9 of 21 features
2018-07-08 13:30:14|   0.3|  0.0|INFORM|WorkspaceRunner: Command to run - `/home/justin/Documents/waterFlow/fmeWorkspaces/gaugeReader.fmw --watershed 10'
2018-07-08 13:30:14|   0.3|  0.0|INFORM|WorkspaceRunner: Running FME with command line - `/usr/bin/env FME_SUBPROCESS_RUN_DETACHED=1 /opt/fme-desktop-2018/fme COMMAND_FILE /tmp/wsr_cm_1531078214580_23735 2>@1'
2018-07-08 13:30:37|   0.3|  0.0|INFORM|WorkspaceRunner: Successfully ran workspace `/home/justin/Documents/waterFlow/fmeWorkspaces/gaugeReader.fmw'
2018-07-08 13:30:37|   0.3|  0.0|INFORM|Logger: Feature is:
2018-07-08 13:30:37|   0.3|  0.0|INFORM|+++++++++++++++++++++++++++++++++++++++++++++++++++++++++++++++++++++++++++
2018-07-08 13:30:37|   0.3|  0.0|INFORM|Feature Type: `Logger_LOGGED'
2018-07-08 13:30:37|   0.3|  0.0|INFORM|Attribute(string)                 : `Gauges' has value `https://waterservices.usgs.gov/nwis/iv/?format=waterml&huc=10&parameterCd=00060&siteType=ST&period=PT1H&siteStatus=all'
2018-07-08 13:30:37|   0.3|  0.0|INFORM|Attribute(64 bit integer)         : `_count' has value `10'
2018-07-08 13:30:37|   0.3|  0.0|INFORM|Attribute(64 bit unsigned integer): `csv_line_number' has value `11'
2018-07-08 13:30:37|   0.3|  0.0|INFORM|Attribute(32 bit unsigned integer): `csv_number_of_fields' has value `1'
2018-07-08 13:30:37|   0.3|  0.0|INFORM|Attribute(32 bit unsigned integer): `csv_total_number_of_columns' has value `1'
2018-07-08 13:30:37|   0.3|  0.0|INFORM|Attribute(string)                 : `fme_feature_type' has value `CSV'
2018-07-08 13:30:37|   0.3|  0.0|INFORM|Attribute(string)                 : `fme_geometry' has value `fme_undefined'
2018-07-08 13:30:37|   0.3|  0.0|INFORM|Attribute(entangled: string)      : `fme_type' has value `fme_no_geom'
2018-07-08 13:30:37|   0.3|  0.0|INFORM|          entangled to [csv_type]
2018-07-08 13:30:37|   0.3|  0.0|INFORM|Attribute(32 bit integer)         : `multi_reader_full_id' has value `0'
2018-07-08 13:30:37|   0.3|  0.0|INFORM|Attribute(32 bit integer)         : `multi_reader_id' has value `0'
2018-07-08 13:30:37|   0.3|  0.0|INFORM|Attribute(string)                 : `multi_reader_keyword' has value `CSV2_1'
2018-07-08 13:30:37|   0.3|  0.0|INFORM|Attribute(string)                 : `multi_reader_type' has value `CSV2'
2018-07-08 13:30:37|   0.3|  0.0|INFORM|Coordinate System: `'
2018-07-08 13:30:37|   0.3|  0.0|INFORM|Geometry Type: IFMENull
2018-07-08 13:30:37|   0.3|  0.0|INFORM|===========================================================================
2018-07-08 13:30:37|   0.3|  0.0|INFORM|Counter_Rejector(ExecuteFunctionFactory): Processed 10 of 21 features
2018-07-08 13:30:37|   0.3|  0.0|INFORM|WorkspaceRunner: Command to run - `/home/justin/Documents/waterFlow/fmeWorkspaces/gaugeReader.fmw --watershed 11'
2018-07-08 13:30:37|   0.3|  0.0|INFORM|WorkspaceRunner: Running FME with command line - `/usr/bin/env FME_SUBPROCESS_RUN_DETACHED=1 /opt/fme-desktop-2018/fme COMMAND_FILE /tmp/wsr_cm_1531078237718_23735 2>@1'
2018-07-08 13:30:50|   0.3|  0.0|INFORM|WorkspaceRunner: Successfully ran workspace `/home/justin/Documents/waterFlow/fmeWorkspaces/gaugeReader.fmw'
2018-07-08 13:30:50|   0.3|  0.0|INFORM|Logger: Feature is:
2018-07-08 13:30:50|   0.3|  0.0|INFORM|+++++++++++++++++++++++++++++++++++++++++++++++++++++++++++++++++++++++++++
2018-07-08 13:30:50|   0.3|  0.0|INFORM|Feature Type: `Logger_LOGGED'
2018-07-08 13:30:50|   0.3|  0.0|INFORM|Attribute(string)                 : `Gauges' has value `https://waterservices.usgs.gov/nwis/iv/?format=waterml&huc=11&parameterCd=00060&siteType=ST&period=PT1H&siteStatus=all'
2018-07-08 13:30:50|   0.3|  0.0|INFORM|Attribute(64 bit integer)         : `_count' has value `11'
2018-07-08 13:30:50|   0.3|  0.0|INFORM|Attribute(64 bit unsigned integer): `csv_line_number' has value `12'
2018-07-08 13:30:50|   0.3|  0.0|INFORM|Attribute(32 bit unsigned integer): `csv_number_of_fields' has value `1'
2018-07-08 13:30:50|   0.3|  0.0|INFORM|Attribute(32 bit unsigned integer): `csv_total_number_of_columns' has value `1'
2018-07-08 13:30:50|   0.3|  0.0|INFORM|Attribute(string)                 : `fme_feature_type' has value `CSV'
2018-07-08 13:30:50|   0.3|  0.0|INFORM|Attribute(string)                 : `fme_geometry' has value `fme_undefined'
2018-07-08 13:30:50|   0.3|  0.0|INFORM|Attribute(entangled: string)      : `fme_type' has value `fme_no_geom'
2018-07-08 13:30:50|   0.3|  0.0|INFORM|          entangled to [csv_type]
2018-07-08 13:30:50|   0.3|  0.0|INFORM|Attribute(32 bit integer)         : `multi_reader_full_id' has value `0'
2018-07-08 13:30:50|   0.3|  0.0|INFORM|Attribute(32 bit integer)         : `multi_reader_id' has value `0'
2018-07-08 13:30:50|   0.3|  0.0|INFORM|Attribute(string)                 : `multi_reader_keyword' has value `CSV2_1'
2018-07-08 13:30:50|   0.3|  0.0|INFORM|Attribute(string)                 : `multi_reader_type' has value `CSV2'
2018-07-08 13:30:50|   0.3|  0.0|INFORM|Coordinate System: `'
2018-07-08 13:30:50|   0.3|  0.0|INFORM|Geometry Type: IFMENull
2018-07-08 13:30:50|   0.3|  0.0|INFORM|===========================================================================
2018-07-08 13:30:50|   0.3|  0.0|INFORM|Counter_Rejector(ExecuteFunctionFactory): Processed 11 of 21 features
2018-07-08 13:30:50|   0.3|  0.0|INFORM|WorkspaceRunner: Command to run - `/home/justin/Documents/waterFlow/fmeWorkspaces/gaugeReader.fmw --watershed 12'
2018-07-08 13:30:50|   0.3|  0.0|INFORM|WorkspaceRunner: Running FME with command line - `/usr/bin/env FME_SUBPROCESS_RUN_DETACHED=1 /opt/fme-desktop-2018/fme COMMAND_FILE /tmp/wsr_cm_1531078250123_23735 2>@1'
2018-07-08 13:31:03|   0.3|  0.0|INFORM|WorkspaceRunner: Successfully ran workspace `/home/justin/Documents/waterFlow/fmeWorkspaces/gaugeReader.fmw'
2018-07-08 13:31:03|   0.3|  0.0|INFORM|Logger: Feature is:
2018-07-08 13:31:03|   0.3|  0.0|INFORM|+++++++++++++++++++++++++++++++++++++++++++++++++++++++++++++++++++++++++++
2018-07-08 13:31:03|   0.3|  0.0|INFORM|Feature Type: `Logger_LOGGED'
2018-07-08 13:31:03|   0.3|  0.0|INFORM|Attribute(string)                 : `Gauges' has value `https://waterservices.usgs.gov/nwis/iv/?format=waterml&huc=12&parameterCd=00060&siteType=ST&period=PT1H&siteStatus=all'
2018-07-08 13:31:03|   0.3|  0.0|INFORM|Attribute(64 bit integer)         : `_count' has value `12'
2018-07-08 13:31:03|   0.3|  0.0|INFORM|Attribute(64 bit unsigned integer): `csv_line_number' has value `13'
2018-07-08 13:31:03|   0.3|  0.0|INFORM|Attribute(32 bit unsigned integer): `csv_number_of_fields' has value `1'
2018-07-08 13:31:03|   0.3|  0.0|INFORM|Attribute(32 bit unsigned integer): `csv_total_number_of_columns' has value `1'
2018-07-08 13:31:03|   0.3|  0.0|INFORM|Attribute(string)                 : `fme_feature_type' has value `CSV'
2018-07-08 13:31:03|   0.3|  0.0|INFORM|Attribute(string)                 : `fme_geometry' has value `fme_undefined'
2018-07-08 13:31:03|   0.3|  0.0|INFORM|Attribute(entangled: string)      : `fme_type' has value `fme_no_geom'
2018-07-08 13:31:03|   0.3|  0.0|INFORM|          entangled to [csv_type]
2018-07-08 13:31:03|   0.3|  0.0|INFORM|Attribute(32 bit integer)         : `multi_reader_full_id' has value `0'
2018-07-08 13:31:03|   0.3|  0.0|INFORM|Attribute(32 bit integer)         : `multi_reader_id' has value `0'
2018-07-08 13:31:03|   0.3|  0.0|INFORM|Attribute(string)                 : `multi_reader_keyword' has value `CSV2_1'
2018-07-08 13:31:03|   0.3|  0.0|INFORM|Attribute(string)                 : `multi_reader_type' has value `CSV2'
2018-07-08 13:31:03|   0.3|  0.0|INFORM|Coordinate System: `'
2018-07-08 13:31:03|   0.3|  0.0|INFORM|Geometry Type: IFMENull
2018-07-08 13:31:03|   0.3|  0.0|INFORM|===========================================================================
2018-07-08 13:31:03|   0.3|  0.0|INFORM|Counter_Rejector(ExecuteFunctionFactory): Processed 12 of 21 features
2018-07-08 13:31:03|   0.3|  0.0|INFORM|WorkspaceRunner: Command to run - `/home/justin/Documents/waterFlow/fmeWorkspaces/gaugeReader.fmw --watershed 13'
2018-07-08 13:31:03|   0.3|  0.0|INFORM|WorkspaceRunner: Running FME with command line - `/usr/bin/env FME_SUBPROCESS_RUN_DETACHED=1 /opt/fme-desktop-2018/fme COMMAND_FILE /tmp/wsr_cm_1531078263691_23735 2>@1'
2018-07-08 13:31:11|   0.3|  0.0|INFORM|WorkspaceRunner: Successfully ran workspace `/home/justin/Documents/waterFlow/fmeWorkspaces/gaugeReader.fmw'
2018-07-08 13:31:11|   0.3|  0.0|INFORM|Logger: Feature is:
2018-07-08 13:31:11|   0.3|  0.0|INFORM|+++++++++++++++++++++++++++++++++++++++++++++++++++++++++++++++++++++++++++
2018-07-08 13:31:11|   0.3|  0.0|INFORM|Feature Type: `Logger_LOGGED'
2018-07-08 13:31:11|   0.3|  0.0|INFORM|Attribute(string)                 : `Gauges' has value `https://waterservices.usgs.gov/nwis/iv/?format=waterml&huc=13&parameterCd=00060&siteType=ST&period=PT1H&siteStatus=all'
2018-07-08 13:31:11|   0.3|  0.0|INFORM|Attribute(64 bit integer)         : `_count' has value `13'
2018-07-08 13:31:11|   0.3|  0.0|INFORM|Attribute(64 bit unsigned integer): `csv_line_number' has value `14'
2018-07-08 13:31:11|   0.3|  0.0|INFORM|Attribute(32 bit unsigned integer): `csv_number_of_fields' has value `1'
2018-07-08 13:31:11|   0.3|  0.0|INFORM|Attribute(32 bit unsigned integer): `csv_total_number_of_columns' has value `1'
2018-07-08 13:31:11|   0.3|  0.0|INFORM|Attribute(string)                 : `fme_feature_type' has value `CSV'
2018-07-08 13:31:11|   0.3|  0.0|INFORM|Attribute(string)                 : `fme_geometry' has value `fme_undefined'
2018-07-08 13:31:11|   0.3|  0.0|INFORM|Attribute(entangled: string)      : `fme_type' has value `fme_no_geom'
2018-07-08 13:31:11|   0.3|  0.0|INFORM|          entangled to [csv_type]
2018-07-08 13:31:11|   0.3|  0.0|INFORM|Attribute(32 bit integer)         : `multi_reader_full_id' has value `0'
2018-07-08 13:31:11|   0.3|  0.0|INFORM|Attribute(32 bit integer)         : `multi_reader_id' has value `0'
2018-07-08 13:31:11|   0.3|  0.0|INFORM|Attribute(string)                 : `multi_reader_keyword' has value `CSV2_1'
2018-07-08 13:31:11|   0.3|  0.0|INFORM|Attribute(string)                 : `multi_reader_type' has value `CSV2'
2018-07-08 13:31:11|   0.3|  0.0|INFORM|Coordinate System: `'
2018-07-08 13:31:11|   0.3|  0.0|INFORM|Geometry Type: IFMENull
2018-07-08 13:31:11|   0.3|  0.0|INFORM|===========================================================================
2018-07-08 13:31:11|   0.3|  0.0|INFORM|Counter_Rejector(ExecuteFunctionFactory): Processed 13 of 21 features
2018-07-08 13:31:11|   0.3|  0.0|INFORM|WorkspaceRunner: Command to run - `/home/justin/Documents/waterFlow/fmeWorkspaces/gaugeReader.fmw --watershed 14'
2018-07-08 13:31:11|   0.3|  0.0|INFORM|WorkspaceRunner: Running FME with command line - `/usr/bin/env FME_SUBPROCESS_RUN_DETACHED=1 /opt/fme-desktop-2018/fme COMMAND_FILE /tmp/wsr_cm_1531078271509_23735 2>@1'
2018-07-08 13:31:20|   0.3|  0.0|INFORM|WorkspaceRunner: Successfully ran workspace `/home/justin/Documents/waterFlow/fmeWorkspaces/gaugeReader.fmw'
2018-07-08 13:31:20|   0.3|  0.0|INFORM|Logger: Feature is:
2018-07-08 13:31:20|   0.3|  0.0|INFORM|+++++++++++++++++++++++++++++++++++++++++++++++++++++++++++++++++++++++++++
2018-07-08 13:31:20|   0.3|  0.0|INFORM|Feature Type: `Logger_LOGGED'
2018-07-08 13:31:20|   0.3|  0.0|INFORM|Attribute(string)                 : `Gauges' has value `https://waterservices.usgs.gov/nwis/iv/?format=waterml&huc=14&parameterCd=00060&siteType=ST&period=PT1H&siteStatus=all'
2018-07-08 13:31:20|   0.3|  0.0|INFORM|Attribute(64 bit integer)         : `_count' has value `14'
2018-07-08 13:31:20|   0.3|  0.0|INFORM|Attribute(64 bit unsigned integer): `csv_line_number' has value `15'
2018-07-08 13:31:20|   0.3|  0.0|INFORM|Attribute(32 bit unsigned integer): `csv_number_of_fields' has value `1'
2018-07-08 13:31:20|   0.3|  0.0|INFORM|Attribute(32 bit unsigned integer): `csv_total_number_of_columns' has value `1'
2018-07-08 13:31:20|   0.3|  0.0|INFORM|Attribute(string)                 : `fme_feature_type' has value `CSV'
2018-07-08 13:31:20|   0.3|  0.0|INFORM|Attribute(string)                 : `fme_geometry' has value `fme_undefined'
2018-07-08 13:31:20|   0.3|  0.0|INFORM|Attribute(entangled: string)      : `fme_type' has value `fme_no_geom'
2018-07-08 13:31:20|   0.3|  0.0|INFORM|          entangled to [csv_type]
2018-07-08 13:31:20|   0.3|  0.0|INFORM|Attribute(32 bit integer)         : `multi_reader_full_id' has value `0'
2018-07-08 13:31:20|   0.3|  0.0|INFORM|Attribute(32 bit integer)         : `multi_reader_id' has value `0'
2018-07-08 13:31:20|   0.3|  0.0|INFORM|Attribute(string)                 : `multi_reader_keyword' has value `CSV2_1'
2018-07-08 13:31:20|   0.3|  0.0|INFORM|Attribute(string)                 : `multi_reader_type' has value `CSV2'
2018-07-08 13:31:20|   0.3|  0.0|INFORM|Coordinate System: `'
2018-07-08 13:31:20|   0.3|  0.0|INFORM|Geometry Type: IFMENull
2018-07-08 13:31:20|   0.3|  0.0|INFORM|===========================================================================
2018-07-08 13:31:20|   0.3|  0.0|INFORM|Counter_Rejector(ExecuteFunctionFactory): Processed 14 of 21 features
2018-07-08 13:31:20|   0.3|  0.0|INFORM|WorkspaceRunner: Command to run - `/home/justin/Documents/waterFlow/fmeWorkspaces/gaugeReader.fmw --watershed 15'
2018-07-08 13:31:20|   0.3|  0.0|INFORM|WorkspaceRunner: Running FME with command line - `/usr/bin/env FME_SUBPROCESS_RUN_DETACHED=1 /opt/fme-desktop-2018/fme COMMAND_FILE /tmp/wsr_cm_1531078280911_23735 2>@1'
2018-07-08 13:31:30|   0.4|  0.0|INFORM|WorkspaceRunner: Successfully ran workspace `/home/justin/Documents/waterFlow/fmeWorkspaces/gaugeReader.fmw'
2018-07-08 13:31:30|   0.4|  0.0|INFORM|Logger: Feature is:
2018-07-08 13:31:30|   0.4|  0.0|INFORM|+++++++++++++++++++++++++++++++++++++++++++++++++++++++++++++++++++++++++++
2018-07-08 13:31:30|   0.4|  0.0|INFORM|Feature Type: `Logger_LOGGED'
2018-07-08 13:31:30|   0.4|  0.0|INFORM|Attribute(string)                 : `Gauges' has value `https://waterservices.usgs.gov/nwis/iv/?format=waterml&huc=15&parameterCd=00060&siteType=ST&period=PT1H&siteStatus=all'
2018-07-08 13:31:30|   0.4|  0.0|INFORM|Attribute(64 bit integer)         : `_count' has value `15'
2018-07-08 13:31:30|   0.4|  0.0|INFORM|Attribute(64 bit unsigned integer): `csv_line_number' has value `16'
2018-07-08 13:31:30|   0.4|  0.0|INFORM|Attribute(32 bit unsigned integer): `csv_number_of_fields' has value `1'
2018-07-08 13:31:30|   0.4|  0.0|INFORM|Attribute(32 bit unsigned integer): `csv_total_number_of_columns' has value `1'
2018-07-08 13:31:30|   0.4|  0.0|INFORM|Attribute(string)                 : `fme_feature_type' has value `CSV'
2018-07-08 13:31:30|   0.4|  0.0|INFORM|Attribute(string)                 : `fme_geometry' has value `fme_undefined'
2018-07-08 13:31:30|   0.4|  0.0|INFORM|Attribute(entangled: string)      : `fme_type' has value `fme_no_geom'
2018-07-08 13:31:30|   0.4|  0.0|INFORM|          entangled to [csv_type]
2018-07-08 13:31:30|   0.4|  0.0|INFORM|Attribute(32 bit integer)         : `multi_reader_full_id' has value `0'
2018-07-08 13:31:30|   0.4|  0.0|INFORM|Attribute(32 bit integer)         : `multi_reader_id' has value `0'
2018-07-08 13:31:30|   0.4|  0.0|INFORM|Attribute(string)                 : `multi_reader_keyword' has value `CSV2_1'
2018-07-08 13:31:30|   0.4|  0.0|INFORM|Attribute(string)                 : `multi_reader_type' has value `CSV2'
2018-07-08 13:31:30|   0.4|  0.0|INFORM|Coordinate System: `'
2018-07-08 13:31:30|   0.4|  0.0|INFORM|Geometry Type: IFMENull
2018-07-08 13:31:30|   0.4|  0.0|INFORM|===========================================================================
2018-07-08 13:31:30|   0.4|  0.0|INFORM|Counter_Rejector(ExecuteFunctionFactory): Processed 15 of 21 features
2018-07-08 13:31:30|   0.4|  0.0|INFORM|WorkspaceRunner: Command to run - `/home/justin/Documents/waterFlow/fmeWorkspaces/gaugeReader.fmw --watershed 16'
2018-07-08 13:31:30|   0.4|  0.0|INFORM|WorkspaceRunner: Running FME with command line - `/usr/bin/env FME_SUBPROCESS_RUN_DETACHED=1 /opt/fme-desktop-2018/fme COMMAND_FILE /tmp/wsr_cm_1531078290455_23735 2>@1'
2018-07-08 13:31:38|   0.4|  0.0|INFORM|WorkspaceRunner: Successfully ran workspace `/home/justin/Documents/waterFlow/fmeWorkspaces/gaugeReader.fmw'
2018-07-08 13:31:38|   0.4|  0.0|INFORM|Logger: Feature is:
2018-07-08 13:31:38|   0.4|  0.0|INFORM|+++++++++++++++++++++++++++++++++++++++++++++++++++++++++++++++++++++++++++
2018-07-08 13:31:38|   0.4|  0.0|INFORM|Feature Type: `Logger_LOGGED'
2018-07-08 13:31:38|   0.4|  0.0|INFORM|Attribute(string)                 : `Gauges' has value `https://waterservices.usgs.gov/nwis/iv/?format=waterml&huc=16&parameterCd=00060&siteType=ST&period=PT1H&siteStatus=all'
2018-07-08 13:31:38|   0.4|  0.0|INFORM|Attribute(64 bit integer)         : `_count' has value `16'
2018-07-08 13:31:38|   0.4|  0.0|INFORM|Attribute(64 bit unsigned integer): `csv_line_number' has value `17'
2018-07-08 13:31:38|   0.4|  0.0|INFORM|Attribute(32 bit unsigned integer): `csv_number_of_fields' has value `1'
2018-07-08 13:31:38|   0.4|  0.0|INFORM|Attribute(32 bit unsigned integer): `csv_total_number_of_columns' has value `1'
2018-07-08 13:31:38|   0.4|  0.0|INFORM|Attribute(string)                 : `fme_feature_type' has value `CSV'
2018-07-08 13:31:38|   0.4|  0.0|INFORM|Attribute(string)                 : `fme_geometry' has value `fme_undefined'
2018-07-08 13:31:38|   0.4|  0.0|INFORM|Attribute(entangled: string)      : `fme_type' has value `fme_no_geom'
2018-07-08 13:31:38|   0.4|  0.0|INFORM|          entangled to [csv_type]
2018-07-08 13:31:38|   0.4|  0.0|INFORM|Attribute(32 bit integer)         : `multi_reader_full_id' has value `0'
2018-07-08 13:31:38|   0.4|  0.0|INFORM|Attribute(32 bit integer)         : `multi_reader_id' has value `0'
2018-07-08 13:31:38|   0.4|  0.0|INFORM|Attribute(string)                 : `multi_reader_keyword' has value `CSV2_1'
2018-07-08 13:31:38|   0.4|  0.0|INFORM|Attribute(string)                 : `multi_reader_type' has value `CSV2'
2018-07-08 13:31:38|   0.4|  0.0|INFORM|Coordinate System: `'
2018-07-08 13:31:38|   0.4|  0.0|INFORM|Geometry Type: IFMENull
2018-07-08 13:31:38|   0.4|  0.0|INFORM|===========================================================================
2018-07-08 13:31:38|   0.4|  0.0|INFORM|Counter_Rejector(ExecuteFunctionFactory): Processed 16 of 21 features
2018-07-08 13:31:38|   0.4|  0.0|INFORM|WorkspaceRunner: Command to run - `/home/justin/Documents/waterFlow/fmeWorkspaces/gaugeReader.fmw --watershed 17'
2018-07-08 13:31:38|   0.4|  0.0|INFORM|WorkspaceRunner: Running FME with command line - `/usr/bin/env FME_SUBPROCESS_RUN_DETACHED=1 /opt/fme-desktop-2018/fme COMMAND_FILE /tmp/wsr_cm_1531078298482_23735 2>@1'
2018-07-08 13:31:58|   0.4|  0.0|INFORM|WorkspaceRunner: Successfully ran workspace `/home/justin/Documents/waterFlow/fmeWorkspaces/gaugeReader.fmw'
2018-07-08 13:31:58|   0.4|  0.0|INFORM|Logger: Feature is:
2018-07-08 13:31:58|   0.4|  0.0|INFORM|+++++++++++++++++++++++++++++++++++++++++++++++++++++++++++++++++++++++++++
2018-07-08 13:31:58|   0.4|  0.0|INFORM|Feature Type: `Logger_LOGGED'
2018-07-08 13:31:58|   0.4|  0.0|INFORM|Attribute(string)                 : `Gauges' has value `https://waterservices.usgs.gov/nwis/iv/?format=waterml&huc=17&parameterCd=00060&siteType=ST&period=PT1H&siteStatus=all'
2018-07-08 13:31:58|   0.4|  0.0|INFORM|Attribute(64 bit integer)         : `_count' has value `17'
2018-07-08 13:31:58|   0.4|  0.0|INFORM|Attribute(64 bit unsigned integer): `csv_line_number' has value `18'
2018-07-08 13:31:58|   0.4|  0.0|INFORM|Attribute(32 bit unsigned integer): `csv_number_of_fields' has value `1'
2018-07-08 13:31:58|   0.4|  0.0|INFORM|Attribute(32 bit unsigned integer): `csv_total_number_of_columns' has value `1'
2018-07-08 13:31:58|   0.4|  0.0|INFORM|Attribute(string)                 : `fme_feature_type' has value `CSV'
2018-07-08 13:31:58|   0.4|  0.0|INFORM|Attribute(string)                 : `fme_geometry' has value `fme_undefined'
2018-07-08 13:31:58|   0.4|  0.0|INFORM|Attribute(entangled: string)      : `fme_type' has value `fme_no_geom'
2018-07-08 13:31:58|   0.4|  0.0|INFORM|          entangled to [csv_type]
2018-07-08 13:31:58|   0.4|  0.0|INFORM|Attribute(32 bit integer)         : `multi_reader_full_id' has value `0'
2018-07-08 13:31:58|   0.4|  0.0|INFORM|Attribute(32 bit integer)         : `multi_reader_id' has value `0'
2018-07-08 13:31:58|   0.4|  0.0|INFORM|Attribute(string)                 : `multi_reader_keyword' has value `CSV2_1'
2018-07-08 13:31:58|   0.4|  0.0|INFORM|Attribute(string)                 : `multi_reader_type' has value `CSV2'
2018-07-08 13:31:58|   0.4|  0.0|INFORM|Coordinate System: `'
2018-07-08 13:31:58|   0.4|  0.0|INFORM|Geometry Type: IFMENull
2018-07-08 13:31:58|   0.4|  0.0|INFORM|===========================================================================
2018-07-08 13:31:58|   0.4|  0.0|INFORM|Counter_Rejector(ExecuteFunctionFactory): Processed 17 of 21 features
2018-07-08 13:31:58|   0.4|  0.0|INFORM|WorkspaceRunner: Command to run - `/home/justin/Documents/waterFlow/fmeWorkspaces/gaugeReader.fmw --watershed 18'
2018-07-08 13:31:58|   0.4|  0.0|INFORM|WorkspaceRunner: Running FME with command line - `/usr/bin/env FME_SUBPROCESS_RUN_DETACHED=1 /opt/fme-desktop-2018/fme COMMAND_FILE /tmp/wsr_cm_1531078318898_23735 2>@1'
2018-07-08 13:32:10|   0.4|  0.0|INFORM|WorkspaceRunner: Successfully ran workspace `/home/justin/Documents/waterFlow/fmeWorkspaces/gaugeReader.fmw'
2018-07-08 13:32:10|   0.4|  0.0|INFORM|Logger: Feature is:
2018-07-08 13:32:10|   0.4|  0.0|INFORM|+++++++++++++++++++++++++++++++++++++++++++++++++++++++++++++++++++++++++++
2018-07-08 13:32:10|   0.4|  0.0|INFORM|Feature Type: `Logger_LOGGED'
2018-07-08 13:32:10|   0.4|  0.0|INFORM|Attribute(string)                 : `Gauges' has value `https://waterservices.usgs.gov/nwis/iv/?format=waterml&huc=18&parameterCd=00060&siteType=ST&period=PT1H&siteStatus=all'
2018-07-08 13:32:10|   0.4|  0.0|INFORM|Attribute(64 bit integer)         : `_count' has value `18'
2018-07-08 13:32:10|   0.4|  0.0|INFORM|Attribute(64 bit unsigned integer): `csv_line_number' has value `19'
2018-07-08 13:32:10|   0.4|  0.0|INFORM|Attribute(32 bit unsigned integer): `csv_number_of_fields' has value `1'
2018-07-08 13:32:10|   0.4|  0.0|INFORM|Attribute(32 bit unsigned integer): `csv_total_number_of_columns' has value `1'
2018-07-08 13:32:10|   0.4|  0.0|INFORM|Attribute(string)                 : `fme_feature_type' has value `CSV'
2018-07-08 13:32:10|   0.4|  0.0|INFORM|Attribute(string)                 : `fme_geometry' has value `fme_undefined'
2018-07-08 13:32:10|   0.4|  0.0|INFORM|Attribute(entangled: string)      : `fme_type' has value `fme_no_geom'
2018-07-08 13:32:10|   0.4|  0.0|INFORM|          entangled to [csv_type]
2018-07-08 13:32:10|   0.4|  0.0|INFORM|Attribute(32 bit integer)         : `multi_reader_full_id' has value `0'
2018-07-08 13:32:10|   0.4|  0.0|INFORM|Attribute(32 bit integer)         : `multi_reader_id' has value `0'
2018-07-08 13:32:10|   0.4|  0.0|INFORM|Attribute(string)                 : `multi_reader_keyword' has value `CSV2_1'
2018-07-08 13:32:10|   0.4|  0.0|INFORM|Attribute(string)                 : `multi_reader_type' has value `CSV2'
2018-07-08 13:32:10|   0.4|  0.0|INFORM|Coordinate System: `'
2018-07-08 13:32:10|   0.4|  0.0|INFORM|Geometry Type: IFMENull
2018-07-08 13:32:10|   0.4|  0.0|INFORM|===========================================================================
2018-07-08 13:32:10|   0.4|  0.0|INFORM|Counter_Rejector(ExecuteFunctionFactory): Processed 18 of 21 features
2018-07-08 13:32:10|   0.4|  0.0|INFORM|WorkspaceRunner: Command to run - `/home/justin/Documents/waterFlow/fmeWorkspaces/gaugeReader.fmw --watershed 19'
2018-07-08 13:32:10|   0.4|  0.0|INFORM|WorkspaceRunner: Running FME with command line - `/usr/bin/env FME_SUBPROCESS_RUN_DETACHED=1 /opt/fme-desktop-2018/fme COMMAND_FILE /tmp/wsr_cm_1531078330607_23735 2>@1'
2018-07-08 13:32:16|   0.4|  0.0|INFORM|WorkspaceRunner: Successfully ran workspace `/home/justin/Documents/waterFlow/fmeWorkspaces/gaugeReader.fmw'
2018-07-08 13:32:16|   0.4|  0.0|INFORM|Logger: Feature is:
2018-07-08 13:32:16|   0.4|  0.0|INFORM|+++++++++++++++++++++++++++++++++++++++++++++++++++++++++++++++++++++++++++
2018-07-08 13:32:16|   0.4|  0.0|INFORM|Feature Type: `Logger_LOGGED'
2018-07-08 13:32:16|   0.4|  0.0|INFORM|Attribute(string)                 : `Gauges' has value `https://waterservices.usgs.gov/nwis/iv/?format=waterml&huc=19&parameterCd=00060&siteType=ST&period=PT1H&siteStatus=all'
2018-07-08 13:32:16|   0.4|  0.0|INFORM|Attribute(64 bit integer)         : `_count' has value `19'
2018-07-08 13:32:16|   0.4|  0.0|INFORM|Attribute(64 bit unsigned integer): `csv_line_number' has value `20'
2018-07-08 13:32:16|   0.4|  0.0|INFORM|Attribute(32 bit unsigned integer): `csv_number_of_fields' has value `1'
2018-07-08 13:32:16|   0.4|  0.0|INFORM|Attribute(32 bit unsigned integer): `csv_total_number_of_columns' has value `1'
2018-07-08 13:32:16|   0.4|  0.0|INFORM|Attribute(string)                 : `fme_feature_type' has value `CSV'
2018-07-08 13:32:16|   0.4|  0.0|INFORM|Attribute(string)                 : `fme_geometry' has value `fme_undefined'
2018-07-08 13:32:16|   0.4|  0.0|INFORM|Attribute(entangled: string)      : `fme_type' has value `fme_no_geom'
2018-07-08 13:32:16|   0.4|  0.0|INFORM|          entangled to [csv_type]
2018-07-08 13:32:16|   0.4|  0.0|INFORM|Attribute(32 bit integer)         : `multi_reader_full_id' has value `0'
2018-07-08 13:32:16|   0.4|  0.0|INFORM|Attribute(32 bit integer)         : `multi_reader_id' has value `0'
2018-07-08 13:32:16|   0.4|  0.0|INFORM|Attribute(string)                 : `multi_reader_keyword' has value `CSV2_1'
2018-07-08 13:32:16|   0.4|  0.0|INFORM|Attribute(string)                 : `multi_reader_type' has value `CSV2'
2018-07-08 13:32:16|   0.4|  0.0|INFORM|Coordinate System: `'
2018-07-08 13:32:16|   0.4|  0.0|INFORM|Geometry Type: IFMENull
2018-07-08 13:32:16|   0.4|  0.0|INFORM|===========================================================================
2018-07-08 13:32:16|   0.4|  0.0|INFORM|Counter_Rejector(ExecuteFunctionFactory): Processed 19 of 21 features
2018-07-08 13:32:16|   0.4|  0.0|INFORM|WorkspaceRunner: Command to run - `/home/justin/Documents/waterFlow/fmeWorkspaces/gaugeReader.fmw --watershed 20'
2018-07-08 13:32:16|   0.4|  0.0|INFORM|WorkspaceRunner: Running FME with command line - `/usr/bin/env FME_SUBPROCESS_RUN_DETACHED=1 /opt/fme-desktop-2018/fme COMMAND_FILE /tmp/wsr_cm_1531078336536_23735 2>@1'
2018-07-08 13:32:22|   0.4|  0.0|INFORM|WorkspaceRunner: Successfully ran workspace `/home/justin/Documents/waterFlow/fmeWorkspaces/gaugeReader.fmw'
2018-07-08 13:32:22|   0.4|  0.0|INFORM|Logger: Feature is:
2018-07-08 13:32:22|   0.4|  0.0|INFORM|+++++++++++++++++++++++++++++++++++++++++++++++++++++++++++++++++++++++++++
2018-07-08 13:32:22|   0.4|  0.0|INFORM|Feature Type: `Logger_LOGGED'
2018-07-08 13:32:22|   0.4|  0.0|INFORM|Attribute(string)                 : `Gauges' has value `https://waterservices.usgs.gov/nwis/iv/?format=waterml&huc=20&parameterCd=00060&siteType=ST&period=PT1H&siteStatus=all'
2018-07-08 13:32:22|   0.4|  0.0|INFORM|Attribute(64 bit integer)         : `_count' has value `20'
2018-07-08 13:32:22|   0.4|  0.0|INFORM|Attribute(64 bit unsigned integer): `csv_line_number' has value `21'
2018-07-08 13:32:22|   0.4|  0.0|INFORM|Attribute(32 bit unsigned integer): `csv_number_of_fields' has value `1'
2018-07-08 13:32:22|   0.4|  0.0|INFORM|Attribute(32 bit unsigned integer): `csv_total_number_of_columns' has value `1'
2018-07-08 13:32:22|   0.4|  0.0|INFORM|Attribute(string)                 : `fme_feature_type' has value `CSV'
2018-07-08 13:32:22|   0.4|  0.0|INFORM|Attribute(string)                 : `fme_geometry' has value `fme_undefined'
2018-07-08 13:32:22|   0.4|  0.0|INFORM|Attribute(entangled: string)      : `fme_type' has value `fme_no_geom'
2018-07-08 13:32:22|   0.4|  0.0|INFORM|          entangled to [csv_type]
2018-07-08 13:32:22|   0.4|  0.0|INFORM|Attribute(32 bit integer)         : `multi_reader_full_id' has value `0'
2018-07-08 13:32:22|   0.4|  0.0|INFORM|Attribute(32 bit integer)         : `multi_reader_id' has value `0'
2018-07-08 13:32:22|   0.4|  0.0|INFORM|Attribute(string)                 : `multi_reader_keyword' has value `CSV2_1'
2018-07-08 13:32:22|   0.4|  0.0|INFORM|Attribute(string)                 : `multi_reader_type' has value `CSV2'
2018-07-08 13:32:22|   0.4|  0.0|INFORM|Coordinate System: `'
2018-07-08 13:32:22|   0.4|  0.0|INFORM|Geometry Type: IFMENull
2018-07-08 13:32:22|   0.4|  0.0|INFORM|===========================================================================
2018-07-08 13:32:22|   0.4|  0.0|INFORM|Counter_Rejector(ExecuteFunctionFactory): Processed 20 of 21 features
2018-07-08 13:32:22|   0.4|  0.0|INFORM|WorkspaceRunner: Command to run - `/home/justin/Documents/waterFlow/fmeWorkspaces/gaugeReader.fmw --watershed 21'
2018-07-08 13:32:22|   0.4|  0.0|INFORM|WorkspaceRunner: Running FME with command line - `/usr/bin/env FME_SUBPROCESS_RUN_DETACHED=1 /opt/fme-desktop-2018/fme COMMAND_FILE /tmp/wsr_cm_1531078342303_23735 2>@1'
2018-07-08 13:32:28|   0.4|  0.0|INFORM|WorkspaceRunner: Successfully ran workspace `/home/justin/Documents/waterFlow/fmeWorkspaces/gaugeReader.fmw'
2018-07-08 13:32:28|   0.4|  0.0|INFORM|Counter_Rejector(ExecuteFunctionFactory): Processed 21 of 21 features
2018-07-08 13:32:28|   0.4|  0.0|INFORM|MULTI_READER(MULTI_READER): Done reading 21 features from 1 readers
2018-07-08 13:32:28|   0.4|  0.0|INFORM|Emptying factory pipeline
2018-07-08 13:32:28|   0.4|  0.0|STATS |Router and Unexpected Input Remover(RoutingFactory): Tested 21 input feature(s), wrote 21 output feature(s): 21 matched merge filters, 21 were routed to output, 0 could not be routed.
2018-07-08 13:32:28|   0.4|  0.0|STATS |Unexpected Input Remover Nuker(TeeFactory): Cloned 0 input feature(s) into 0 output feature(s)
2018-07-08 13:32:28|   0.4|  0.0|STATS |CSV (CSV2_1) Splitter(TeeFactory): Cloned 21 input feature(s) into 21 output feature(s)
2018-07-08 13:32:28|   0.4|  0.0|STATS |CSV_CSV2_1 Feature Counter -1 11(TeeFactory): Cloned 21 input feature(s) into 21 output feature(s)
2018-07-08 13:32:28|   0.4|  0.0|STATS |Counter_Rejector(ExecuteFunctionFactory): Executed FME Functions on 21 input feature(s) -- 21 feature(s) completed and 0 feature(s) rejected
2018-07-08 13:32:28|   0.4|  0.0|INFORM|Counter_<REJECTED> Feature Recorder -1 2147680266(RecorderFactory): Recorded 0 feature(s) to file `/tmp/wb-cache-gaugeRunner-k22164/Main_Counter -1 10 fo 1 _lt_REJECTED_gt_  0  9b4fa33d7ede2311de3bdbecae3720ed3679610b.ffsupdating'
2018-07-08 13:32:28|   0.4|  0.0|STATS |Counter_OUTPUT Feature Counter -1 14(TeeFactory): Cloned 21 input feature(s) into 21 output feature(s)
2018-07-08 13:32:28|   0.4|  0.0|STATS |Counter_<REJECTED> Feature Counter -1 2147680266(TeeFactory): Cloned 0 input feature(s) into 0 output feature(s)
2018-07-08 13:32:28|   0.4|  0.0|STATS |Counter_<Rejected>(TeeFactory): Cloned 0 input feature(s) into 0 output feature(s)
2018-07-08 13:32:28|   0.4|  0.0|STATS |StringPadder_CheckWidth(TestFactory): Tested 21 input feature(s) -- 21 feature(s) passed and 0 feature(s) failed
2018-07-08 13:32:28|   0.4|  0.0|STATS |StringPadder_StringPadder(TeeFactory): Cloned 21 input feature(s) into 21 output feature(s)
2018-07-08 13:32:28|   0.4|  0.0|INFORM|StringPadder_<REJECTED> Feature Recorder -1 2147680269(RecorderFactory): Recorded 0 feature(s) to file `/tmp/wb-cache-gaugeRunner-k22164/Main_StringPadder -1 13 fo 1 _lt_REJECTED_gt_  0  a61c23c69cf862ed44bf1344315d0667531bdb13.ffsupdating'
2018-07-08 13:32:28|   0.4|  0.0|STATS |StringPadder_OUTPUT Feature Counter -1 15(TeeFactory): Cloned 21 input feature(s) into 21 output feature(s)
2018-07-08 13:32:28|   0.4|  0.0|STATS |StringPadder_<REJECTED> Feature Counter -1 2147680269(TeeFactory): Cloned 0 input feature(s) into 0 output feature(s)
2018-07-08 13:32:28|   0.4|  0.0|STATS |StringPadder_<Rejected>(TeeFactory): Cloned 0 input feature(s) into 0 output feature(s)
2018-07-08 13:32:28|   0.4|  0.0|STATS |WorkspaceRunner_ExecutorAndRouter(TestFactory): Tested 21 input feature(s) -- 21 feature(s) passed and 0 feature(s) failed
2018-07-08 13:32:28|   0.4|  0.0|STATS |WorkspaceRunner_SummaryMaker(CreationFactory): Created 1 features
2018-07-08 13:32:28|   0.4|  0.0|STATS |WorkspaceRunner_SUCCEEDED Feature Counter -1 6(TeeFactory): Cloned 21 input feature(s) into 21 output feature(s)
2018-07-08 13:32:28|   0.4|  0.0|STATS |WorkspaceRunner_FAILED Feature Counter -1 7(TeeFactory): Cloned 0 input feature(s) into 0 output feature(s)
2018-07-08 13:32:28|   0.4|  0.0|STATS |WorkspaceRunner_SUMMARY Feature Counter -1 8(TeeFactory): Cloned 1 input feature(s) into 1 output feature(s)
2018-07-08 13:32:28|   0.4|  0.0|STATS |Logger_Logger(TeeFactory): Cloned 22 input feature(s) into 22 output feature(s)
2018-07-08 13:32:28|   0.4|  0.0|STATS |Logger LOGGED Transformer Output Nuker(TeeFactory): Cloned 22 input feature(s) into 0 output feature(s)
2018-07-08 13:32:28|   0.4|  0.0|STATS |Destination Feature Type Routing Correlator(RoutingFactory): Tested 0 input feature(s), wrote 0 output feature(s): 0 matched merge filters, 0 were routed to output, 0 could not be routed.
2018-07-08 13:32:28|   0.4|  0.0|STATS |Final Output Nuker(TeeFactory): Cloned 0 input feature(s) into 0 output feature(s)
2018-07-08 13:32:28|   0.4|  0.0|STATS |=-=-=-=-=-=-=-=-=-=-=-=-=-=-=-=-=-=-=-=-=-=-=-=-=-=-=-=-=-=-=-=-=-=-=-=-=-=-=-
2018-07-08 13:32:28|   0.4|  0.0|STATS |                            `Count' Domain Summary
2018-07-08 13:32:28|   0.4|  0.0|STATS |=-=-=-=-=-=-=-=-=-=-=-=-=-=-=-=-=-=-=-=-=-=-=-=-=-=-=-=-=-=-=-=-=-=-=-=-=-=-=-
2018-07-08 13:32:28|   0.4|  0.0|STATS |counter (range was 1 to 22)                                                 21
2018-07-08 13:32:28|   0.4|  0.0|STATS |==============================================================================
2018-07-08 13:32:28|   0.4|  0.0|STATS |Total `@Count' Invocations:                                                 21
2018-07-08 13:32:28|   0.4|  0.0|STATS |=-=-=-=-=-=-=-=-=-=-=-=-=-=-=-=-=-=-=-=-=-=-=-=-=-=-=-=-=-=-=-=-=-=-=-=-=-=-=-
2018-07-08 13:32:28|   0.4|  0.0|STATS |=-=-=-=-=-=-=-=-=-=-=-=-=-=-=-=-=-=-=-=-=-=-=-=-=-=-=-=-=-=-=-=-=-=-=-=-=-=-=-
2018-07-08 13:32:28|   0.4|  0.0|STATS |                            Features Read Summary
2018-07-08 13:32:28|   0.4|  0.0|STATS |=-=-=-=-=-=-=-=-=-=-=-=-=-=-=-=-=-=-=-=-=-=-=-=-=-=-=-=-=-=-=-=-=-=-=-=-=-=-=-
2018-07-08 13:32:28|   0.4|  0.0|STATS |CSV                                                                         21
2018-07-08 13:32:28|   0.4|  0.0|STATS |==============================================================================
2018-07-08 13:32:28|   0.4|  0.0|STATS |Total Features Read                                                         21
2018-07-08 13:32:28|   0.4|  0.0|STATS |=-=-=-=-=-=-=-=-=-=-=-=-=-=-=-=-=-=-=-=-=-=-=-=-=-=-=-=-=-=-=-=-=-=-=-=-=-=-=-
2018-07-08 13:32:28|   0.4|  0.0|STATS |=-=-=-=-=-=-=-=-=-=-=-=-=-=-=-=-=-=-=-=-=-=-=-=-=-=-=-=-=-=-=-=-=-=-=-=-=-=-=-
2018-07-08 13:32:28|   0.4|  0.0|STATS |                           Features Written Summary
2018-07-08 13:32:28|   0.4|  0.0|STATS |=-=-=-=-=-=-=-=-=-=-=-=-=-=-=-=-=-=-=-=-=-=-=-=-=-=-=-=-=-=-=-=-=-=-=-=-=-=-=-
2018-07-08 13:32:28|   0.4|  0.0|STATS |==============================================================================
2018-07-08 13:32:28|   0.4|  0.0|STATS |Total Features Written                                                       0
2018-07-08 13:32:28|   0.4|  0.0|STATS |=-=-=-=-=-=-=-=-=-=-=-=-=-=-=-=-=-=-=-=-=-=-=-=-=-=-=-=-=-=-=-=-=-=-=-=-=-=-=-
2018-07-08 13:32:28|   0.4|  0.0|INFORM|Translation was SUCCESSFUL with 0 warning(s) (0 feature(s) output)
2018-07-08 13:32:28|   0.4|  0.0|INFORM|FME Session Duration: 4 minutes 33.1 seconds. (CPU: 0.3s user, 0.1s system)
2018-07-08 13:32:28|   0.4|  0.0|INFORM|END - ProcessID: 23735, peak process memory usage: 32227 kB, current process memory usage: 20140 kB
